{"level":"info","message":"::1 - - [27/Oct/2021:11:28:15 +0000] \"PUT / HTTP/1.1\" 404 139 \"-\" \"PostmanRuntime/7.28.4\"\n","timestamp":"2021-10-27T11:28:15.016Z"}
{"level":"info","message":"::1 - - [27/Oct/2021:11:28:47 +0000] \"PUT / HTTP/1.1\" 404 139 \"-\" \"PostmanRuntime/7.28.4\"\n","timestamp":"2021-10-27T11:28:47.257Z"}
{"level":"info","message":"::1 - - [27/Oct/2021:11:31:14 +0000] \"PUT / HTTP/1.1\" 404 139 \"-\" \"PostmanRuntime/7.28.4\"\n","timestamp":"2021-10-27T11:31:14.392Z"}
{"level":"info","message":"::1 - - [27/Oct/2021:11:45:09 +0000] \"PUT / HTTP/1.1\" 404 139 \"-\" \"PostmanRuntime/7.28.4\"\n","timestamp":"2021-10-27T11:45:09.818Z"}
{"level":"info","message":"::1 - - [27/Oct/2021:11:46:16 +0000] \"PUT / HTTP/1.1\" 404 139 \"-\" \"PostmanRuntime/7.28.4\"\n","timestamp":"2021-10-27T11:46:16.000Z"}
{"level":"info","message":"::1 - - [27/Oct/2021:11:46:56 +0000] \"PUT / HTTP/1.1\" 404 139 \"-\" \"PostmanRuntime/7.28.4\"\n","timestamp":"2021-10-27T11:46:56.172Z"}
{"level":"info","message":"::1 - - [27/Oct/2021:11:47:11 +0000] \"GET / HTTP/1.1\" 200 21 \"-\" \"PostmanRuntime/7.28.4\"\n","timestamp":"2021-10-27T11:47:11.446Z"}
{"level":"info","message":"::1 - - [27/Oct/2021:11:47:41 +0000] \"GET / HTTP/1.1\" 200 21 \"-\" \"PostmanRuntime/7.28.4\"\n","timestamp":"2021-10-27T11:47:41.984Z"}
{"level":"info","message":"::1 - - [27/Oct/2021:11:48:11 +0000] \"GET /coches/ HTTP/1.1\" 404 146 \"-\" \"PostmanRuntime/7.28.4\"\n","timestamp":"2021-10-27T11:48:11.211Z"}
{"level":"info","message":"::1 - - [27/Oct/2021:11:49:35 +0000] \"GET /coches/ HTTP/1.1\" 404 146 \"-\" \"PostmanRuntime/7.28.4\"\n","timestamp":"2021-10-27T11:49:35.150Z"}
{"level":"info","message":"::1 - - [27/Oct/2021:11:49:40 +0000] \"GET / HTTP/1.1\" 200 21 \"-\" \"PostmanRuntime/7.28.4\"\n","timestamp":"2021-10-27T11:49:40.807Z"}
{"level":"info","message":"::1 - - [27/Oct/2021:11:52:11 +0000] \"GET / HTTP/1.1\" 200 24 \"-\" \"PostmanRuntime/7.28.4\"\n","timestamp":"2021-10-27T11:52:11.627Z"}
{"level":"info","message":"::1 - - [27/Oct/2021:11:52:48 +0000] \"GET /coches HTTP/1.1\" 404 145 \"-\" \"PostmanRuntime/7.28.4\"\n","timestamp":"2021-10-27T11:52:48.627Z"}
{"level":"info","message":"::1 - - [27/Oct/2021:11:53:23 +0000] \"GET / HTTP/1.1\" 200 24 \"-\" \"PostmanRuntime/7.28.4\"\n","timestamp":"2021-10-27T11:53:23.885Z"}
{"level":"info","message":"::1 - - [27/Oct/2021:11:53:44 +0000] \"GET /coche HTTP/1.1\" 500 1581 \"-\" \"PostmanRuntime/7.28.4\"\n","timestamp":"2021-10-27T11:53:44.865Z"}
{"level":"info","message":"::1 - - [27/Oct/2021:11:54:08 +0000] \"GET /coche HTTP/1.1\" 500 1581 \"-\" \"PostmanRuntime/7.28.4\"\n","timestamp":"2021-10-27T11:54:08.286Z"}
{"level":"info","message":"::1 - - [27/Oct/2021:11:55:07 +0000] \"GET /coche HTTP/1.1\" 200 2 \"-\" \"PostmanRuntime/7.28.4\"\n","timestamp":"2021-10-27T11:55:07.089Z"}
{"level":"info","message":"::1 - - [27/Oct/2021:11:56:25 +0000] \"GET /coche HTTP/1.1\" 200 170172 \"-\" \"PostmanRuntime/7.28.4\"\n","timestamp":"2021-10-27T11:56:25.709Z"}
{"level":"info","message":"::1 - - [27/Oct/2021:11:56:31 +0000] \"GET /coche HTTP/1.1\" 200 170172 \"-\" \"PostmanRuntime/7.28.4\"\n","timestamp":"2021-10-27T11:56:31.681Z"}
{"level":"info","message":"::1 - - [27/Oct/2021:11:57:05 +0000] \"GET /coche HTTP/1.1\" 200 170172 \"-\" \"PostmanRuntime/7.28.4\"\n","timestamp":"2021-10-27T11:57:05.606Z"}
{"level":"info","message":"::1 - - [27/Oct/2021:11:57:17 +0000] \"GET / HTTP/1.1\" 200 24 \"-\" \"PostmanRuntime/7.28.4\"\n","timestamp":"2021-10-27T11:57:17.856Z"}
{"level":"info","message":"::1 - - [27/Oct/2021:11:57:54 +0000] \"PUT / HTTP/1.1\" 404 139 \"-\" \"PostmanRuntime/7.28.4\"\n","timestamp":"2021-10-27T11:57:54.107Z"}
{"level":"info","message":"::1 - - [27/Oct/2021:11:58:01 +0000] \"GET / HTTP/1.1\" 200 24 \"-\" \"PostmanRuntime/7.28.4\"\n","timestamp":"2021-10-27T11:58:01.278Z"}
{"level":"info","message":"::1 - - [27/Oct/2021:11:58:04 +0000] \"GET /coche HTTP/1.1\" 200 170172 \"-\" \"PostmanRuntime/7.28.4\"\n","timestamp":"2021-10-27T11:58:04.635Z"}
{"level":"info","message":"::1 - - [27/Oct/2021:12:03:23 +0000] \"GET /coche HTTP/1.1\" 200 67 \"-\" \"PostmanRuntime/7.28.4\"\n","timestamp":"2021-10-27T12:03:23.053Z"}
{"level":"info","message":"::1 - - [27/Oct/2021:12:03:37 +0000] \"GET /coche/61793fe730553480838fe9ce HTTP/1.1\" 200 65 \"-\" \"PostmanRuntime/7.28.4\"\n","timestamp":"2021-10-27T12:03:37.559Z"}
{"level":"info","message":"::1 - - [27/Oct/2021:12:04:36 +0000] \"DELETE /coche/61793fe730553480838fe9ce HTTP/1.1\" 200 48 \"-\" \"PostmanRuntime/7.28.4\"\n","timestamp":"2021-10-27T12:04:36.345Z"}
{"level":"info","message":"::1 - - [27/Oct/2021:12:04:42 +0000] \"DELETE /coche/ HTTP/1.1\" 500 1582 \"-\" \"PostmanRuntime/7.28.4\"\n","timestamp":"2021-10-27T12:04:42.446Z"}
{"level":"info","message":"::1 - - [27/Oct/2021:12:04:45 +0000] \"DELETE /coche HTTP/1.1\" 500 1582 \"-\" \"PostmanRuntime/7.28.4\"\n","timestamp":"2021-10-27T12:04:45.858Z"}
{"level":"info","message":"::1 - - [27/Oct/2021:12:04:54 +0000] \"GET /coche HTTP/1.1\" 200 2 \"-\" \"PostmanRuntime/7.28.4\"\n","timestamp":"2021-10-27T12:04:54.115Z"}
{"level":"info","message":"::1 - - [27/Oct/2021:12:05:28 +0000] \"POST /coche HTTP/1.1\" 400 39 \"-\" \"PostmanRuntime/7.28.4\"\n","timestamp":"2021-10-27T12:05:28.341Z"}
{"level":"info","message":"::1 - - [27/Oct/2021:12:05:34 +0000] \"POST /coche HTTP/1.1\" 400 39 \"-\" \"PostmanRuntime/7.28.4\"\n","timestamp":"2021-10-27T12:05:34.821Z"}
{"level":"info","message":"::1 - - [27/Oct/2021:12:05:39 +0000] \"POST /coche HTTP/1.1\" 400 39 \"-\" \"PostmanRuntime/7.28.4\"\n","timestamp":"2021-10-27T12:05:39.090Z"}
{"level":"info","message":"::1 - - [27/Oct/2021:12:05:48 +0000] \"POST /coche HTTP/1.1\" 400 39 \"-\" \"PostmanRuntime/7.28.4\"\n","timestamp":"2021-10-27T12:05:48.082Z"}
{"level":"info","message":"::1 - - [27/Oct/2021:12:06:06 +0000] \"POST /coche HTTP/1.1\" 400 39 \"-\" \"PostmanRuntime/7.28.4\"\n","timestamp":"2021-10-27T12:06:06.339Z"}
{"level":"info","message":"::1 - - [27/Oct/2021:12:06:10 +0000] \"POST /coche HTTP/1.1\" 400 39 \"-\" \"PostmanRuntime/7.28.4\"\n","timestamp":"2021-10-27T12:06:10.812Z"}
{"level":"info","message":"::1 - - [27/Oct/2021:12:07:11 +0000] \"POST /coche HTTP/1.1\" 400 39 \"-\" \"PostmanRuntime/7.28.4\"\n","timestamp":"2021-10-27T12:07:11.230Z"}
{"level":"info","message":"::1 - - [27/Oct/2021:12:08:28 +0000] \"POST /coche HTTP/1.1\" 400 39 \"-\" \"PostmanRuntime/7.28.4\"\n","timestamp":"2021-10-27T12:08:28.576Z"}
{"level":"info","message":"::1 - - [27/Oct/2021:12:09:35 +0000] \"POST /coche HTTP/1.1\" 400 39 \"-\" \"PostmanRuntime/7.28.4\"\n","timestamp":"2021-10-27T12:09:35.256Z"}
{"level":"info","message":"::1 - - [27/Oct/2021:13:01:50 +0000] \"POST /coche HTTP/1.1\" 400 39 \"-\" \"PostmanRuntime/7.28.4\"\n","timestamp":"2021-10-27T13:01:50.254Z"}
{"level":"info","message":"::1 - - [27/Oct/2021:13:02:34 +0000] \"PUT /movies HTTP/1.1\" 404 145 \"-\" \"PostmanRuntime/7.28.4\"\n","timestamp":"2021-10-27T13:02:34.775Z"}
{"level":"info","message":"::1 - - [27/Oct/2021:13:02:37 +0000] \"GET / HTTP/1.1\" 200 24 \"-\" \"PostmanRuntime/7.28.4\"\n","timestamp":"2021-10-27T13:02:37.644Z"}
{"level":"info","message":"::1 - - [27/Oct/2021:13:02:41 +0000] \"PUT /movies HTTP/1.1\" 404 145 \"-\" \"PostmanRuntime/7.28.4\"\n","timestamp":"2021-10-27T13:02:41.770Z"}
{"level":"info","message":"::1 - - [27/Oct/2021:13:05:54 +0000] \"GET / HTTP/1.1\" 200 24 \"-\" \"PostmanRuntime/7.28.4\"\n","timestamp":"2021-10-27T13:05:54.964Z"}
{"level":"info","message":"::1 - - [27/Oct/2021:13:06:06 +0000] \"GET /movies HTTP/1.1\" 404 145 \"-\" \"PostmanRuntime/7.28.4\"\n","timestamp":"2021-10-27T13:06:06.891Z"}
{"level":"info","message":"::1 - - [27/Oct/2021:13:06:13 +0000] \"GET / HTTP/1.1\" 200 24 \"-\" \"PostmanRuntime/7.28.4\"\n","timestamp":"2021-10-27T13:06:13.377Z"}
{"level":"info","message":"::1 - - [27/Oct/2021:13:06:35 +0000] \"GET /coches/ HTTP/1.1\" 404 146 \"-\" \"PostmanRuntime/7.28.4\"\n","timestamp":"2021-10-27T13:06:35.235Z"}
{"level":"info","message":"::1 - - [27/Oct/2021:13:06:52 +0000] \"GET /coches/ HTTP/1.1\" 404 146 \"-\" \"PostmanRuntime/7.28.4\"\n","timestamp":"2021-10-27T13:06:52.581Z"}
{"level":"info","message":"::1 - - [27/Oct/2021:13:06:59 +0000] \"GET / HTTP/1.1\" 200 24 \"-\" \"PostmanRuntime/7.28.4\"\n","timestamp":"2021-10-27T13:06:59.807Z"}
{"level":"info","message":"::1 - - [27/Oct/2021:13:07:06 +0000] \"GET /coches HTTP/1.1\" 404 145 \"-\" \"PostmanRuntime/7.28.4\"\n","timestamp":"2021-10-27T13:07:06.072Z"}
{"level":"info","message":"::1 - - [27/Oct/2021:13:07:54 +0000] \"GET /coches HTTP/1.1\" 404 145 \"-\" \"PostmanRuntime/7.28.4\"\n","timestamp":"2021-10-27T13:07:54.006Z"}
{"level":"info","message":"::1 - - [27/Oct/2021:13:07:58 +0000] \"GET /movie HTTP/1.1\" 200 2 \"-\" \"PostmanRuntime/7.28.4\"\n","timestamp":"2021-10-27T13:07:58.948Z"}
{"level":"info","message":"::1 - - [27/Oct/2021:13:08:36 +0000] \"GET /coche HTTP/1.1\" 200 2 \"-\" \"PostmanRuntime/7.28.4\"\n","timestamp":"2021-10-27T13:08:36.264Z"}
{"level":"info","message":"::1 - - [27/Oct/2021:13:08:38 +0000] \"GET /coche HTTP/1.1\" 200 2 \"-\" \"PostmanRuntime/7.28.4\"\n","timestamp":"2021-10-27T13:08:38.768Z"}
{"level":"info","message":"::1 - - [27/Oct/2021:13:08:42 +0000] \"GET / HTTP/1.1\" 200 24 \"-\" \"PostmanRuntime/7.28.4\"\n","timestamp":"2021-10-27T13:08:42.818Z"}
{"level":"info","message":"::1 - - [27/Oct/2021:13:08:52 +0000] \"POST /coche/1 HTTP/1.1\" 404 147 \"-\" \"PostmanRuntime/7.28.4\"\n","timestamp":"2021-10-27T13:08:52.375Z"}
{"level":"info","message":"::1 - - [27/Oct/2021:13:09:11 +0000] \"POST /coche HTTP/1.1\" 400 39 \"-\" \"PostmanRuntime/7.28.4\"\n","timestamp":"2021-10-27T13:09:11.403Z"}
{"level":"info","message":"::1 - - [27/Oct/2021:13:09:32 +0000] \"POST /coche/(4 HTTP/1.1\" 404 148 \"-\" \"PostmanRuntime/7.28.4\"\n","timestamp":"2021-10-27T13:09:32.904Z"}
{"level":"info","message":"::1 - - [27/Oct/2021:13:10:00 +0000] \"POST /coche/4 HTTP/1.1\" 404 147 \"-\" \"PostmanRuntime/7.28.4\"\n","timestamp":"2021-10-27T13:10:00.054Z"}
{"level":"info","message":"::1 - - [27/Oct/2021:13:10:21 +0000] \"POST /coche/4 HTTP/1.1\" 404 147 \"-\" \"PostmanRuntime/7.28.4\"\n","timestamp":"2021-10-27T13:10:21.710Z"}
{"level":"info","message":"::1 - - [27/Oct/2021:13:10:24 +0000] \"POST /coche/5 HTTP/1.1\" 404 147 \"-\" \"PostmanRuntime/7.28.4\"\n","timestamp":"2021-10-27T13:10:24.929Z"}
{"level":"info","message":"::1 - - [27/Oct/2021:13:10:42 +0000] \"POST /coche/:5 HTTP/1.1\" 404 148 \"-\" \"PostmanRuntime/7.28.4\"\n","timestamp":"2021-10-27T13:10:42.614Z"}
{"level":"info","message":"::1 - - [27/Oct/2021:13:11:11 +0000] \"POST /coche/:5 HTTP/1.1\" 404 148 \"-\" \"PostmanRuntime/7.28.4\"\n","timestamp":"2021-10-27T13:11:11.248Z"}
{"level":"info","message":"::1 - - [27/Oct/2021:13:13:52 +0000] \"GET / HTTP/1.1\" 200 24 \"-\" \"PostmanRuntime/7.28.4\"\n","timestamp":"2021-10-27T13:13:52.166Z"}
{"level":"info","message":"::1 - - [27/Oct/2021:13:13:54 +0000] \"GET /coche HTTP/1.1\" 200 67 \"-\" \"PostmanRuntime/7.28.4\"\n","timestamp":"2021-10-27T13:13:54.785Z"}
{"level":"info","message":"::1 - - [27/Oct/2021:13:14:33 +0000] \"DELETE /movies/6179508930553480838fe9cf HTTP/1.1\" 404 173 \"-\" \"PostmanRuntime/7.28.4\"\n","timestamp":"2021-10-27T13:14:33.669Z"}
{"level":"info","message":"::1 - - [27/Oct/2021:13:14:57 +0000] \"GET / HTTP/1.1\" 200 24 \"-\" \"PostmanRuntime/7.28.4\"\n","timestamp":"2021-10-27T13:14:57.402Z"}
{"level":"info","message":"::1 - - [27/Oct/2021:13:15:01 +0000] \"GET /coche HTTP/1.1\" 200 67 \"-\" \"PostmanRuntime/7.28.4\"\n","timestamp":"2021-10-27T13:15:01.061Z"}
{"level":"info","message":"::1 - - [27/Oct/2021:13:15:04 +0000] \"DELETE /movies/6179508930553480838fe9cf HTTP/1.1\" 404 173 \"-\" \"PostmanRuntime/7.28.4\"\n","timestamp":"2021-10-27T13:15:04.495Z"}
{"level":"info","message":"::1 - - [27/Oct/2021:13:15:09 +0000] \"GET /coche HTTP/1.1\" 200 67 \"-\" \"PostmanRuntime/7.28.4\"\n","timestamp":"2021-10-27T13:15:09.585Z"}
{"level":"info","message":"::1 - - [27/Oct/2021:13:15:24 +0000] \"DELETE /movies/:6179508930553480838fe9cf HTTP/1.1\" 404 174 \"-\" \"PostmanRuntime/7.28.4\"\n","timestamp":"2021-10-27T13:15:24.321Z"}
{"level":"info","message":"::1 - - [27/Oct/2021:13:15:25 +0000] \"DELETE /movies/:6179508930553480838fe9cf HTTP/1.1\" 404 174 \"-\" \"PostmanRuntime/7.28.4\"\n","timestamp":"2021-10-27T13:15:25.329Z"}
{"level":"info","message":"::1 - - [27/Oct/2021:13:15:25 +0000] \"DELETE /movies/:6179508930553480838fe9cf HTTP/1.1\" 404 174 \"-\" \"PostmanRuntime/7.28.4\"\n","timestamp":"2021-10-27T13:15:25.975Z"}
{"level":"info","message":"::1 - - [27/Oct/2021:13:15:26 +0000] \"DELETE /movies/:6179508930553480838fe9cf HTTP/1.1\" 404 174 \"-\" \"PostmanRuntime/7.28.4\"\n","timestamp":"2021-10-27T13:15:26.398Z"}
{"level":"info","message":"::1 - - [27/Oct/2021:13:15:26 +0000] \"DELETE /movies/:6179508930553480838fe9cf HTTP/1.1\" 404 174 \"-\" \"PostmanRuntime/7.28.4\"\n","timestamp":"2021-10-27T13:15:26.729Z"}
{"level":"info","message":"::1 - - [27/Oct/2021:13:15:45 +0000] \"POST /coche/1 HTTP/1.1\" 404 147 \"-\" \"PostmanRuntime/7.28.4\"\n","timestamp":"2021-10-27T13:15:45.752Z"}
{"level":"info","message":"::1 - - [27/Oct/2021:13:15:47 +0000] \"POST /coche/1 HTTP/1.1\" 404 147 \"-\" \"PostmanRuntime/7.28.4\"\n","timestamp":"2021-10-27T13:15:47.220Z"}
{"level":"info","message":"::1 - - [27/Oct/2021:13:15:52 +0000] \"POST /coche/6179508930553480838fe9cf HTTP/1.1\" 404 170 \"-\" \"PostmanRuntime/7.28.4\"\n","timestamp":"2021-10-27T13:15:52.640Z"}
{"level":"info","message":"::1 - - [27/Oct/2021:13:16:01 +0000] \"POST /coche/:1 HTTP/1.1\" 404 148 \"-\" \"PostmanRuntime/7.28.4\"\n","timestamp":"2021-10-27T13:16:01.253Z"}
{"level":"info","message":"::1 - - [27/Oct/2021:13:16:17 +0000] \"GET /coche HTTP/1.1\" 200 67 \"-\" \"PostmanRuntime/7.28.4\"\n","timestamp":"2021-10-27T13:16:17.733Z"}
{"level":"info","message":"::1 - - [27/Oct/2021:13:20:16 +0000] \"POST /coche/ HTTP/1.1\" 400 39 \"-\" \"PostmanRuntime/7.28.4\"\n","timestamp":"2021-10-27T13:20:16.149Z"}
{"level":"info","message":"::1 - - [27/Oct/2021:13:23:19 +0000] \"POST /coche/ HTTP/1.1\" 400 39 \"-\" \"PostmanRuntime/7.28.4\"\n","timestamp":"2021-10-27T13:23:19.807Z"}
{"level":"info","message":"::1 - - [27/Oct/2021:13:23:58 +0000] \"POST /coche/ HTTP/1.1\" 400 39 \"-\" \"PostmanRuntime/7.28.4\"\n","timestamp":"2021-10-27T13:23:58.957Z"}
{"level":"info","message":"::1 - - [27/Oct/2021:13:24:00 +0000] \"POST /coche/ HTTP/1.1\" 400 39 \"-\" \"PostmanRuntime/7.28.4\"\n","timestamp":"2021-10-27T13:24:00.407Z"}
{"level":"info","message":"::1 - - [27/Oct/2021:13:24:09 +0000] \"GET / HTTP/1.1\" 200 24 \"-\" \"PostmanRuntime/7.28.4\"\n","timestamp":"2021-10-27T13:24:09.672Z"}
{"level":"info","message":"::1 - - [27/Oct/2021:13:24:12 +0000] \"GET /coche HTTP/1.1\" 200 67 \"-\" \"PostmanRuntime/7.28.4\"\n","timestamp":"2021-10-27T13:24:12.976Z"}
{"level":"info","message":"::1 - - [27/Oct/2021:13:24:21 +0000] \"POST /coche/ HTTP/1.1\" 400 39 \"-\" \"PostmanRuntime/7.28.4\"\n","timestamp":"2021-10-27T13:24:21.395Z"}
{"level":"info","message":"::1 - - [27/Oct/2021:13:29:58 +0000] \"GET / HTTP/1.1\" 200 24 \"-\" \"PostmanRuntime/7.28.4\"\n","timestamp":"2021-10-27T13:29:58.609Z"}
{"level":"info","message":"::1 - - [27/Oct/2021:13:30:07 +0000] \"GET / HTTP/1.1\" 200 24 \"-\" \"PostmanRuntime/7.28.4\"\n","timestamp":"2021-10-27T13:30:07.413Z"}
{"level":"info","message":"::1 - - [27/Oct/2021:13:30:09 +0000] \"GET /coche HTTP/1.1\" 200 67 \"-\" \"PostmanRuntime/7.28.4\"\n","timestamp":"2021-10-27T13:30:09.473Z"}
{"level":"info","message":"::1 - - [27/Oct/2021:13:30:18 +0000] \"POST /coche HTTP/1.1\" 400 39 \"-\" \"PostmanRuntime/7.28.4\"\n","timestamp":"2021-10-27T13:30:18.818Z"}
{"level":"info","message":"::1 - - [27/Oct/2021:13:31:42 +0000] \"PUT /coche/6179508930553480838fe9cf HTTP/1.1\" 500 1592 \"-\" \"PostmanRuntime/7.28.4\"\n","timestamp":"2021-10-27T13:31:42.357Z"}
{"level":"info","message":"::1 - - [27/Oct/2021:13:34:39 +0000] \"PUT /coche/6179508930553480838fe9cf HTTP/1.1\" 200 48 \"-\" \"PostmanRuntime/7.28.4\"\n","timestamp":"2021-10-27T13:34:39.848Z"}
{"level":"info","message":"::1 - - [27/Oct/2021:13:34:46 +0000] \"GET /coche HTTP/1.1\" 200 110 \"-\" \"PostmanRuntime/7.28.4\"\n","timestamp":"2021-10-27T13:34:46.981Z"}
{"level":"info","message":"::1 - - [27/Oct/2021:13:34:56 +0000] \"POST /coche HTTP/1.1\" 400 39 \"-\" \"PostmanRuntime/7.28.4\"\n","timestamp":"2021-10-27T13:34:56.506Z"}
{"level":"info","message":"::1 - - [27/Oct/2021:13:36:08 +0000] \"POST /coche HTTP/1.1\" 200 151 \"-\" \"PostmanRuntime/7.28.4\"\n","timestamp":"2021-10-27T13:36:08.066Z"}
{"level":"info","message":"::1 - - [27/Oct/2021:13:36:15 +0000] \"GET / HTTP/1.1\" 200 24 \"-\" \"PostmanRuntime/7.28.4\"\n","timestamp":"2021-10-27T13:36:15.813Z"}
{"level":"info","message":"::1 - - [27/Oct/2021:13:36:18 +0000] \"GET /coche HTTP/1.1\" 200 262 \"-\" \"PostmanRuntime/7.28.4\"\n","timestamp":"2021-10-27T13:36:18.270Z"}
{"level":"info","message":"::1 - - [27/Oct/2021:13:36:35 +0000] \"POST /coche HTTP/1.1\" 200 157 \"-\" \"PostmanRuntime/7.28.4\"\n","timestamp":"2021-10-27T13:36:35.068Z"}
{"level":"info","message":"::1 - - [27/Oct/2021:13:36:40 +0000] \"GET /coche HTTP/1.1\" 200 420 \"-\" \"PostmanRuntime/7.28.4\"\n","timestamp":"2021-10-27T13:36:40.357Z"}
{"level":"info","message":"::1 - - [27/Oct/2021:13:37:01 +0000] \"DELETE /movies/617955c814e04c56eeab0f44 HTTP/1.1\" 404 173 \"-\" \"PostmanRuntime/7.28.4\"\n","timestamp":"2021-10-27T13:37:01.865Z"}
{"level":"info","message":"::1 - - [27/Oct/2021:13:37:30 +0000] \"DELETE /coche/617955c814e04c56eeab0f44 HTTP/1.1\" 200 48 \"-\" \"PostmanRuntime/7.28.4\"\n","timestamp":"2021-10-27T13:37:30.753Z"}
{"level":"info","message":"::1 - - [27/Oct/2021:13:37:40 +0000] \"GET /coche HTTP/1.1\" 200 268 \"-\" \"PostmanRuntime/7.28.4\"\n","timestamp":"2021-10-27T13:37:40.540Z"}
{"level":"info","message":"::1 - - [27/Oct/2021:13:42:07 +0000] \"GET /coche HTTP/1.1\" 200 268 \"-\" \"PostmanRuntime/7.28.4\"\n","timestamp":"2021-10-27T13:42:07.246Z"}
{"level":"info","message":"::1 - - [27/Oct/2021:13:42:11 +0000] \"GET /category HTTP/1.1\" 200 268 \"-\" \"PostmanRuntime/7.28.4\"\n","timestamp":"2021-10-27T13:42:11.612Z"}
{"level":"info","message":"::1 - - [27/Oct/2021:13:42:32 +0000] \"GET /category HTTP/1.1\" 200 268 \"-\" \"PostmanRuntime/7.28.4\"\n","timestamp":"2021-10-27T13:42:32.825Z"}
{"level":"info","message":"::1 - - [27/Oct/2021:13:45:07 +0000] \"GET / HTTP/1.1\" 200 24 \"-\" \"PostmanRuntime/7.28.4\"\n","timestamp":"2021-10-27T13:45:07.999Z"}
{"level":"info","message":"::1 - - [27/Oct/2021:13:45:11 +0000] \"GET /coche HTTP/1.1\" 200 268 \"-\" \"PostmanRuntime/7.28.4\"\n","timestamp":"2021-10-27T13:45:11.276Z"}
{"level":"info","message":"::1 - - [27/Oct/2021:13:45:28 +0000] \"GET /category HTTP/1.1\" 200 268 \"-\" \"PostmanRuntime/7.28.4\"\n","timestamp":"2021-10-27T13:45:28.980Z"}
{"level":"info","message":"::1 - - [27/Oct/2021:13:45:30 +0000] \"GET /category HTTP/1.1\" 200 268 \"-\" \"PostmanRuntime/7.28.4\"\n","timestamp":"2021-10-27T13:45:30.288Z"}
{"level":"info","message":"::1 - - [27/Oct/2021:13:45:31 +0000] \"GET /category HTTP/1.1\" 200 268 \"-\" \"PostmanRuntime/7.28.4\"\n","timestamp":"2021-10-27T13:45:31.068Z"}
{"level":"info","message":"::1 - - [27/Oct/2021:13:45:31 +0000] \"GET /category HTTP/1.1\" 200 268 \"-\" \"PostmanRuntime/7.28.4\"\n","timestamp":"2021-10-27T13:45:31.386Z"}
{"level":"info","message":"::1 - - [27/Oct/2021:13:45:49 +0000] \"GET /movie HTTP/1.1\" 200 2 \"-\" \"PostmanRuntime/7.28.4\"\n","timestamp":"2021-10-27T13:45:49.786Z"}
{"level":"info","message":"::1 - - [27/Oct/2021:13:45:57 +0000] \"GET /category HTTP/1.1\" 200 268 \"-\" \"PostmanRuntime/7.28.4\"\n","timestamp":"2021-10-27T13:45:57.760Z"}
{"level":"info","message":"::1 - - [27/Oct/2021:13:46:02 +0000] \"GET /category HTTP/1.1\" 200 268 \"-\" \"PostmanRuntime/7.28.4\"\n","timestamp":"2021-10-27T13:46:02.912Z"}
{"level":"info","message":"::1 - - [27/Oct/2021:13:46:05 +0000] \"GET /coche HTTP/1.1\" 200 268 \"-\" \"PostmanRuntime/7.28.4\"\n","timestamp":"2021-10-27T13:46:05.813Z"}
{"level":"info","message":"::1 - - [27/Oct/2021:13:47:08 +0000] \"GET /coche HTTP/1.1\" 200 268 \"-\" \"PostmanRuntime/7.28.4\"\n","timestamp":"2021-10-27T13:47:08.251Z"}
{"level":"info","message":"::1 - - [27/Oct/2021:13:47:14 +0000] \"GET /category HTTP/1.1\" 200 268 \"-\" \"PostmanRuntime/7.28.4\"\n","timestamp":"2021-10-27T13:47:14.387Z"}
{"level":"info","message":"::1 - - [27/Oct/2021:13:51:09 +0000] \"GET /category HTTP/1.1\" 200 2 \"-\" \"PostmanRuntime/7.28.4\"\n","timestamp":"2021-10-27T13:51:09.096Z"}
{"level":"info","message":"::1 - - [27/Oct/2021:13:51:18 +0000] \"GET /coche HTTP/1.1\" 200 268 \"-\" \"PostmanRuntime/7.28.4\"\n","timestamp":"2021-10-27T13:51:18.210Z"}
{"level":"info","message":"::1 - - [27/Oct/2021:14:20:17 +0000] \"POST /coche HTTP/1.1\" 200 162 \"-\" \"PostmanRuntime/7.28.4\"\n","timestamp":"2021-10-27T14:20:17.514Z"}
{"level":"info","message":"::1 - - [27/Oct/2021:14:20:22 +0000] \"GET /coche HTTP/1.1\" 200 431 \"-\" \"PostmanRuntime/7.28.4\"\n","timestamp":"2021-10-27T14:20:22.076Z"}
{"level":"info","message":"::1 - - [27/Oct/2021:14:29:34 +0000] \"GET / HTTP/1.1\" 200 24 \"-\" \"PostmanRuntime/7.28.4\"\n","timestamp":"2021-10-27T14:29:34.268Z"}
{"level":"info","message":"::1 - - [27/Oct/2021:14:29:37 +0000] \"GET /co HTTP/1.1\" 404 141 \"-\" \"PostmanRuntime/7.28.4\"\n","timestamp":"2021-10-27T14:29:37.010Z"}
{"level":"info","message":"::1 - - [27/Oct/2021:14:29:43 +0000] \"GET /usuario HTTP/1.1\" 200 2 \"-\" \"PostmanRuntime/7.28.4\"\n","timestamp":"2021-10-27T14:29:43.630Z"}
{"level":"info","message":"::1 - - [27/Oct/2021:14:30:16 +0000] \"PUT /usuario/6179508930553480838fe9cf HTTP/1.1\" 404 100 \"-\" \"PostmanRuntime/7.28.4\"\n","timestamp":"2021-10-27T14:30:16.852Z"}
{"level":"info","message":"::1 - - [27/Oct/2021:14:30:28 +0000] \"POST /usuario HTTP/1.1\" 200 162 \"-\" \"PostmanRuntime/7.28.4\"\n","timestamp":"2021-10-27T14:30:28.371Z"}
{"level":"info","message":"::1 - - [27/Oct/2021:14:30:38 +0000] \"POST /usuario HTTP/1.1\" 200 162 \"-\" \"PostmanRuntime/7.28.4\"\n","timestamp":"2021-10-27T14:30:38.739Z"}
{"level":"info","message":"::1 - - [27/Oct/2021:14:30:43 +0000] \"GET /usuario HTTP/1.1\" 200 327 \"-\" \"PostmanRuntime/7.28.4\"\n","timestamp":"2021-10-27T14:30:43.569Z"}
{"level":"info","message":"::1 - - [27/Oct/2021:14:31:03 +0000] \"PUT /usuario/61796284e3699824d3aa3f37 HTTP/1.1\" 200 48 \"-\" \"PostmanRuntime/7.28.4\"\n","timestamp":"2021-10-27T14:31:03.193Z"}
{"level":"info","message":"::1 - - [27/Oct/2021:14:31:08 +0000] \"GET /usuario HTTP/1.1\" 200 321 \"-\" \"PostmanRuntime/7.28.4\"\n","timestamp":"2021-10-27T14:31:08.473Z"}
{"level":"info","message":"::1 - - [27/Oct/2021:14:31:17 +0000] \"DELETE /coche/61796284e3699824d3aa3f37 HTTP/1.1\" 404 172 \"-\" \"PostmanRuntime/7.28.4\"\n","timestamp":"2021-10-27T14:31:17.210Z"}
{"level":"info","message":"::1 - - [27/Oct/2021:14:31:35 +0000] \"DELETE /coche/61796284e3699824d3aa3f37 HTTP/1.1\" 404 172 \"-\" \"PostmanRuntime/7.28.4\"\n","timestamp":"2021-10-27T14:31:35.179Z"}
{"level":"info","message":"::1 - - [27/Oct/2021:14:32:21 +0000] \"DELETE /usuario/61796284e3699824d3aa3f37 HTTP/1.1\" 200 48 \"-\" \"PostmanRuntime/7.28.4\"\n","timestamp":"2021-10-27T14:32:21.977Z"}
{"level":"info","message":"::1 - - [27/Oct/2021:14:32:38 +0000] \"GET /usuario HTTP/1.1\" 200 164 \"-\" \"PostmanRuntime/7.28.4\"\n","timestamp":"2021-10-27T14:32:38.549Z"}
{"level":"info","message":"::1 - - [27/Oct/2021:15:13:35 +0000] \"GET / HTTP/1.1\" 200 24 \"-\" \"PostmanRuntime/7.28.4\"\n","timestamp":"2021-10-27T15:13:35.452Z"}
{"level":"info","message":"::1 - - [27/Oct/2021:15:13:49 +0000] \"GET /pelicula HTTP/1.1\" 500 1605 \"-\" \"PostmanRuntime/7.28.4\"\n","timestamp":"2021-10-27T15:13:49.812Z"}
{"level":"info","message":"::1 - - [27/Oct/2021:15:14:52 +0000] \"GET /coche HTTP/1.1\" 404 144 \"-\" \"PostmanRuntime/7.28.4\"\n","timestamp":"2021-10-27T15:14:52.618Z"}
{"level":"info","message":"::1 - - [27/Oct/2021:15:15:16 +0000] \"GET /usuario HTTP/1.1\" 200 164 \"-\" \"PostmanRuntime/7.28.4\"\n","timestamp":"2021-10-27T15:15:16.773Z"}
{"level":"info","message":"::1 - - [27/Oct/2021:15:15:23 +0000] \"GET /pelicula HTTP/1.1\" 500 1605 \"-\" \"PostmanRuntime/7.28.4\"\n","timestamp":"2021-10-27T15:15:23.192Z"}
{"level":"info","message":"::1 - - [27/Oct/2021:15:17:28 +0000] \"GET /pelicula HTTP/1.1\" 500 1605 \"-\" \"PostmanRuntime/7.28.4\"\n","timestamp":"2021-10-27T15:17:28.846Z"}
{"level":"info","message":"::1 - - [27/Oct/2021:15:20:48 +0000] \"GET /pelicula HTTP/1.1\" 500 1605 \"-\" \"PostmanRuntime/7.28.4\"\n","timestamp":"2021-10-27T15:20:48.900Z"}
{"level":"info","message":"::1 - - [27/Oct/2021:15:21:28 +0000] \"GET /pelicula HTTP/1.1\" 500 1605 \"-\" \"PostmanRuntime/7.28.4\"\n","timestamp":"2021-10-27T15:21:28.273Z"}
{"level":"info","message":"::1 - - [27/Oct/2021:15:21:33 +0000] \"GET /usuario HTTP/1.1\" 200 164 \"-\" \"PostmanRuntime/7.28.4\"\n","timestamp":"2021-10-27T15:21:33.512Z"}
{"level":"info","message":"::1 - - [27/Oct/2021:15:21:37 +0000] \"GET /pelicula HTTP/1.1\" 500 1605 \"-\" \"PostmanRuntime/7.28.4\"\n","timestamp":"2021-10-27T15:21:37.703Z"}
{"level":"info","message":"::1 - - [27/Oct/2021:15:22:49 +0000] \"GET /usuario HTTP/1.1\" 200 164 \"-\" \"PostmanRuntime/7.28.4\"\n","timestamp":"2021-10-27T15:22:49.952Z"}
{"level":"info","message":"::1 - - [27/Oct/2021:15:22:53 +0000] \"GET /pelicula HTTP/1.1\" 500 1605 \"-\" \"PostmanRuntime/7.28.4\"\n","timestamp":"2021-10-27T15:22:53.245Z"}
{"level":"info","message":"::1 - - [27/Oct/2021:15:24:53 +0000] \"GET /usuario HTTP/1.1\" 200 164 \"-\" \"PostmanRuntime/7.28.4\"\n","timestamp":"2021-10-27T15:24:53.847Z"}
{"level":"info","message":"::1 - - [27/Oct/2021:15:24:57 +0000] \"GET / HTTP/1.1\" 200 24 \"-\" \"PostmanRuntime/7.28.4\"\n","timestamp":"2021-10-27T15:24:57.512Z"}
{"level":"info","message":"::1 - - [27/Oct/2021:15:25:03 +0000] \"PUT /usuario/61796284e3699824d3aa3f37 HTTP/1.1\" 404 100 \"-\" \"PostmanRuntime/7.28.4\"\n","timestamp":"2021-10-27T15:25:03.581Z"}
{"level":"info","message":"::1 - - [27/Oct/2021:15:25:13 +0000] \"GET / HTTP/1.1\" 200 24 \"-\" \"PostmanRuntime/7.28.4\"\n","timestamp":"2021-10-27T15:25:13.448Z"}
{"level":"info","message":"::1 - - [27/Oct/2021:15:25:16 +0000] \"GET /usuario HTTP/1.1\" 200 164 \"-\" \"PostmanRuntime/7.28.4\"\n","timestamp":"2021-10-27T15:25:16.130Z"}
{"level":"info","message":"::1 - - [27/Oct/2021:15:25:34 +0000] \"PUT /usuario/6179628ee3699824d3aa3f39 HTTP/1.1\" 200 48 \"-\" \"PostmanRuntime/7.28.4\"\n","timestamp":"2021-10-27T15:25:34.733Z"}
{"level":"info","message":"::1 - - [27/Oct/2021:15:25:40 +0000] \"GET /usuario HTTP/1.1\" 200 167 \"-\" \"PostmanRuntime/7.28.4\"\n","timestamp":"2021-10-27T15:25:40.272Z"}
{"level":"info","message":"::1 - - [27/Oct/2021:15:25:47 +0000] \"POST /usuario HTTP/1.1\" 500 1613 \"-\" \"PostmanRuntime/7.28.4\"\n","timestamp":"2021-10-27T15:25:47.162Z"}
{"level":"info","message":"::1 - - [27/Oct/2021:15:25:57 +0000] \"POST /usuario HTTP/1.1\" 500 1613 \"-\" \"PostmanRuntime/7.28.4\"\n","timestamp":"2021-10-27T15:25:57.087Z"}
{"level":"info","message":"::1 - - [27/Oct/2021:15:26:58 +0000] \"POST /usuario HTTP/1.1\" 500 1613 \"-\" \"PostmanRuntime/7.28.4\"\n","timestamp":"2021-10-27T15:26:58.190Z"}
{"level":"info","message":"::1 - - [27/Oct/2021:15:27:30 +0000] \"POST /usuario HTTP/1.1\" 500 1613 \"-\" \"PostmanRuntime/7.28.4\"\n","timestamp":"2021-10-27T15:27:30.383Z"}
{"level":"info","message":"::1 - - [27/Oct/2021:15:28:49 +0000] \"POST /usuario HTTP/1.1\" 500 1613 \"-\" \"PostmanRuntime/7.28.4\"\n","timestamp":"2021-10-27T15:28:49.949Z"}
{"level":"info","message":"::1 - - [27/Oct/2021:15:28:56 +0000] \"GET /usuario HTTP/1.1\" 200 167 \"-\" \"PostmanRuntime/7.28.4\"\n","timestamp":"2021-10-27T15:28:56.282Z"}
{"level":"info","message":"::1 - - [27/Oct/2021:15:28:58 +0000] \"GET / HTTP/1.1\" 200 24 \"-\" \"PostmanRuntime/7.28.4\"\n","timestamp":"2021-10-27T15:28:58.478Z"}
{"level":"info","message":"::1 - - [27/Oct/2021:15:29:03 +0000] \"POST /usuario HTTP/1.1\" 500 1613 \"-\" \"PostmanRuntime/7.28.4\"\n","timestamp":"2021-10-27T15:29:03.381Z"}
{"level":"info","message":"::1 - - [27/Oct/2021:15:30:42 +0000] \"POST /usuario HTTP/1.1\" 500 1613 \"-\" \"PostmanRuntime/7.28.4\"\n","timestamp":"2021-10-27T15:30:42.019Z"}
{"level":"info","message":"::1 - - [27/Oct/2021:15:30:45 +0000] \"GET / HTTP/1.1\" 200 24 \"-\" \"PostmanRuntime/7.28.4\"\n","timestamp":"2021-10-27T15:30:45.587Z"}
{"level":"info","message":"::1 - - [27/Oct/2021:15:30:48 +0000] \"POST /usuario HTTP/1.1\" 500 1613 \"-\" \"PostmanRuntime/7.28.4\"\n","timestamp":"2021-10-27T15:30:48.752Z"}
{"level":"info","message":"::1 - - [27/Oct/2021:15:33:59 +0000] \"POST /usuario HTTP/1.1\" 500 1613 \"-\" \"PostmanRuntime/7.28.4\"\n","timestamp":"2021-10-27T15:33:59.693Z"}
{"level":"info","message":"::1 - - [27/Oct/2021:15:35:09 +0000] \"POST /usuario HTTP/1.1\" 500 1613 \"-\" \"PostmanRuntime/7.28.4\"\n","timestamp":"2021-10-27T15:35:09.124Z"}
{"level":"info","message":"::1 - - [27/Oct/2021:15:36:18 +0000] \"POST /usuario HTTP/1.1\" 500 1613 \"-\" \"PostmanRuntime/7.28.4\"\n","timestamp":"2021-10-27T15:36:18.795Z"}
{"level":"info","message":"::1 - - [27/Oct/2021:15:36:19 +0000] \"POST /usuario HTTP/1.1\" 500 1613 \"-\" \"PostmanRuntime/7.28.4\"\n","timestamp":"2021-10-27T15:36:19.806Z"}
{"level":"info","message":"::1 - - [27/Oct/2021:15:36:20 +0000] \"POST /usuario HTTP/1.1\" 500 1613 \"-\" \"PostmanRuntime/7.28.4\"\n","timestamp":"2021-10-27T15:36:20.150Z"}
{"level":"info","message":"::1 - - [27/Oct/2021:15:37:21 +0000] \"POST /usuario HTTP/1.1\" 200 162 \"-\" \"PostmanRuntime/7.28.4\"\n","timestamp":"2021-10-27T15:37:21.232Z"}
{"level":"info","message":"::1 - - [27/Oct/2021:15:37:27 +0000] \"GET / HTTP/1.1\" 200 24 \"-\" \"PostmanRuntime/7.28.4\"\n","timestamp":"2021-10-27T15:37:27.333Z"}
{"level":"info","message":"::1 - - [27/Oct/2021:15:37:29 +0000] \"GET /usuario HTTP/1.1\" 200 330 \"-\" \"PostmanRuntime/7.28.4\"\n","timestamp":"2021-10-27T15:37:29.989Z"}
{"level":"info","message":"::1 - - [27/Oct/2021:15:50:22 +0000] \"GET /usuario HTTP/1.1\" 200 330 \"-\" \"PostmanRuntime/7.28.4\"\n","timestamp":"2021-10-27T15:50:22.932Z"}
{"level":"info","message":"::1 - - [27/Oct/2021:15:50:41 +0000] \"GET /pelicula HTTP/1.1\" 500 1605 \"-\" \"PostmanRuntime/7.28.4\"\n","timestamp":"2021-10-27T15:50:41.835Z"}
{"level":"info","message":"::1 - - [27/Oct/2021:15:54:56 +0000] \"GET /pelicula HTTP/1.1\" 200 2 \"-\" \"PostmanRuntime/7.28.4\"\n","timestamp":"2021-10-27T15:54:56.818Z"}
{"level":"info","message":"::1 - - [27/Oct/2021:16:00:10 +0000] \"GET /pelicula HTTP/1.1\" 200 2 \"-\" \"PostmanRuntime/7.28.4\"\n","timestamp":"2021-10-27T16:00:10.708Z"}
{"level":"info","message":"::1 - - [27/Oct/2021:16:01:17 +0000] \"POST /pelicula HTTP/1.1\" 200 120 \"-\" \"PostmanRuntime/7.28.4\"\n","timestamp":"2021-10-27T16:01:17.271Z"}
{"level":"info","message":"::1 - - [27/Oct/2021:16:03:50 +0000] \"POST /pelicula HTTP/1.1\" 200 221 \"-\" \"PostmanRuntime/7.28.4\"\n","timestamp":"2021-10-27T16:03:50.489Z"}
{"level":"info","message":"::1 - - [27/Oct/2021:16:03:55 +0000] \"GET /pelicula HTTP/1.1\" 200 344 \"-\" \"PostmanRuntime/7.28.4\"\n","timestamp":"2021-10-27T16:03:55.202Z"}
{"level":"info","message":"::1 - - [27/Oct/2021:16:05:26 +0000] \"GET /pelicula HTTP/1.1\" 200 344 \"-\" \"PostmanRuntime/7.28.4\"\n","timestamp":"2021-10-27T16:05:26.314Z"}
{"level":"info","message":"::1 - - [27/Oct/2021:16:06:06 +0000] \"DELETE /pelicula/617977cd19e5f65fd9fa19ec HTTP/1.1\" 200 48 \"-\" \"PostmanRuntime/7.28.4\"\n","timestamp":"2021-10-27T16:06:06.105Z"}
{"level":"info","message":"::1 - - [27/Oct/2021:16:06:10 +0000] \"GET /pelicula HTTP/1.1\" 200 223 \"-\" \"PostmanRuntime/7.28.4\"\n","timestamp":"2021-10-27T16:06:10.566Z"}
{"level":"info","message":"::1 - - [27/Oct/2021:16:07:05 +0000] \"POST /pelicula HTTP/1.1\" 200 216 \"-\" \"PostmanRuntime/7.28.4\"\n","timestamp":"2021-10-27T16:07:05.508Z"}
{"level":"info","message":"::1 - - [27/Oct/2021:16:07:09 +0000] \"GET /pelicula HTTP/1.1\" 200 440 \"-\" \"PostmanRuntime/7.28.4\"\n","timestamp":"2021-10-27T16:07:09.681Z"}
{"level":"info","message":"::1 - - [27/Oct/2021:16:11:18 +0000] \"GET /pelicula HTTP/1.1\" 200 440 \"-\" \"PostmanRuntime/7.28.4\"\n","timestamp":"2021-10-27T16:11:18.430Z"}
{"level":"info","message":"::1 - - [27/Oct/2021:16:12:20 +0000] \"GET /pelicula HTTP/1.1\" 200 440 \"-\" \"PostmanRuntime/7.28.4\"\n","timestamp":"2021-10-27T16:12:20.844Z"}
{"level":"info","message":"::1 - - [27/Oct/2021:16:13:00 +0000] \"PUT /usuario/6179786619e5f65fd9fa19ee HTTP/1.1\" 404 100 \"-\" \"PostmanRuntime/7.28.4\"\n","timestamp":"2021-10-27T16:13:00.734Z"}
{"level":"info","message":"::1 - - [27/Oct/2021:16:13:50 +0000] \"PUT /pelicula/6179786619e5f65fd9fa19ee HTTP/1.1\" 200 48 \"-\" \"PostmanRuntime/7.28.4\"\n","timestamp":"2021-10-27T16:13:50.069Z"}
{"level":"info","message":"::1 - - [27/Oct/2021:16:13:56 +0000] \"GET /pelicula HTTP/1.1\" 200 441 \"-\" \"PostmanRuntime/7.28.4\"\n","timestamp":"2021-10-27T16:13:56.420Z"}
{"level":"info","message":"::1 - - [27/Oct/2021:16:14:27 +0000] \"GET /usuario HTTP/1.1\" 200 330 \"-\" \"PostmanRuntime/7.28.4\"\n","timestamp":"2021-10-27T16:14:27.741Z"}
{"level":"info","message":"::1 - - [27/Oct/2021:16:21:40 +0000] \"GET / HTTP/1.1\" 200 24 \"-\" \"PostmanRuntime/7.28.4\"\n","timestamp":"2021-10-27T16:21:40.516Z"}
{"level":"info","message":"::1 - - [27/Oct/2021:16:21:43 +0000] \"GET /usuario HTTP/1.1\" 200 330 \"-\" \"PostmanRuntime/7.28.4\"\n","timestamp":"2021-10-27T16:21:43.060Z"}
{"level":"info","message":"::1 - - [27/Oct/2021:16:27:13 +0000] \"PUT /usuario/61796284e3699824d3aa3f37 HTTP/1.1\" 400 1096 \"-\" \"PostmanRuntime/7.28.4\"\n","timestamp":"2021-10-27T16:27:13.168Z"}
{"level":"info","message":"::1 - - [27/Oct/2021:16:29:59 +0000] \"POST /usuario HTTP/1.1\" 200 189 \"-\" \"PostmanRuntime/7.28.4\"\n","timestamp":"2021-10-27T16:29:59.678Z"}
{"level":"info","message":"::1 - - [27/Oct/2021:16:30:21 +0000] \"GET /usuario HTTP/1.1\" 200 520 \"-\" \"PostmanRuntime/7.28.4\"\n","timestamp":"2021-10-27T16:30:21.084Z"}
{"level":"info","message":"::1 - - [27/Oct/2021:16:30:36 +0000] \"DELETE /usuario/6179628ee3699824d3aa3f39 HTTP/1.1\" 200 48 \"-\" \"PostmanRuntime/7.28.4\"\n","timestamp":"2021-10-27T16:30:36.664Z"}
{"level":"info","message":"::1 - - [27/Oct/2021:16:31:17 +0000] \"GET /usuario HTTP/1.1\" 200 354 \"-\" \"PostmanRuntime/7.28.4\"\n","timestamp":"2021-10-27T16:31:17.618Z"}
{"level":"info","message":"::1 - - [27/Oct/2021:16:31:30 +0000] \"DELETE /usuario/617972310ddfddf59e532ae4 HTTP/1.1\" 200 48 \"-\" \"PostmanRuntime/7.28.4\"\n","timestamp":"2021-10-27T16:31:30.834Z"}
{"level":"info","message":"::1 - - [27/Oct/2021:16:31:34 +0000] \"GET /usuario HTTP/1.1\" 200 191 \"-\" \"PostmanRuntime/7.28.4\"\n","timestamp":"2021-10-27T16:31:34.893Z"}
{"level":"info","message":"::1 - - [27/Oct/2021:16:31:48 +0000] \"GET /pelicula HTTP/1.1\" 200 441 \"-\" \"PostmanRuntime/7.28.4\"\n","timestamp":"2021-10-27T16:31:48.348Z"}
{"level":"info","message":"::1 - - [27/Oct/2021:16:32:23 +0000] \"GET /pelicula HTTP/1.1\" 200 441 \"-\" \"PostmanRuntime/7.28.4\"\n","timestamp":"2021-10-27T16:32:23.786Z"}
{"level":"info","message":"::1 - - [27/Oct/2021:16:32:41 +0000] \"GET /pelicula HTTP/1.1\" 200 441 \"-\" \"PostmanRuntime/7.28.4\"\n","timestamp":"2021-10-27T16:32:41.024Z"}
{"level":"info","message":"::1 - - [27/Oct/2021:16:32:57 +0000] \"GET /usuario HTTP/1.1\" 200 191 \"-\" \"PostmanRuntime/7.28.4\"\n","timestamp":"2021-10-27T16:32:57.640Z"}
{"level":"info","message":"::1 - - [27/Oct/2021:16:33:22 +0000] \"POST /usuario HTTP/1.1\" 200 190 \"-\" \"PostmanRuntime/7.28.4\"\n","timestamp":"2021-10-27T16:33:22.059Z"}
{"level":"info","message":"::1 - - [27/Oct/2021:16:33:24 +0000] \"GET /usuario HTTP/1.1\" 200 382 \"-\" \"PostmanRuntime/7.28.4\"\n","timestamp":"2021-10-27T16:33:24.530Z"}
{"level":"info","message":"::1 - - [27/Oct/2021:16:35:52 +0000] \"GET /pelicula HTTP/1.1\" 200 441 \"-\" \"PostmanRuntime/7.28.4\"\n","timestamp":"2021-10-27T16:35:52.370Z"}
{"level":"info","message":"::1 - - [27/Oct/2021:16:47:27 +0000] \"GET /pedido HTTP/1.1\" 404 145 \"-\" \"PostmanRuntime/7.28.4\"\n","timestamp":"2021-10-27T16:47:27.831Z"}
{"level":"info","message":"::1 - - [27/Oct/2021:16:47:43 +0000] \"GET /pedido HTTP/1.1\" 404 145 \"-\" \"PostmanRuntime/7.28.4\"\n","timestamp":"2021-10-27T16:47:43.415Z"}
{"level":"info","message":"::1 - - [27/Oct/2021:16:48:11 +0000] \"GET /pedido HTTP/1.1\" 500 1581 \"-\" \"PostmanRuntime/7.28.4\"\n","timestamp":"2021-10-27T16:48:11.549Z"}
{"level":"info","message":"::1 - - [27/Oct/2021:16:49:00 +0000] \"GET /pedido HTTP/1.1\" 500 1579 \"-\" \"PostmanRuntime/7.28.4\"\n","timestamp":"2021-10-27T16:49:00.798Z"}
{"level":"info","message":"::1 - - [27/Oct/2021:16:50:31 +0000] \"GET /pedido HTTP/1.1\" 500 1579 \"-\" \"PostmanRuntime/7.28.4\"\n","timestamp":"2021-10-27T16:50:31.431Z"}
{"level":"info","message":"::1 - - [27/Oct/2021:16:52:41 +0000] \"GET /pedido HTTP/1.1\" 500 1579 \"-\" \"PostmanRuntime/7.28.4\"\n","timestamp":"2021-10-27T16:52:41.318Z"}
{"level":"info","message":"::1 - - [27/Oct/2021:16:53:23 +0000] \"GET /pedido HTTP/1.1\" 500 1579 \"-\" \"PostmanRuntime/7.28.4\"\n","timestamp":"2021-10-27T16:53:23.017Z"}
{"level":"info","message":"::1 - - [27/Oct/2021:16:54:16 +0000] \"GET /pedido HTTP/1.1\" 500 1579 \"-\" \"PostmanRuntime/7.28.4\"\n","timestamp":"2021-10-27T16:54:16.854Z"}
{"level":"info","message":"::1 - - [27/Oct/2021:16:55:01 +0000] \"GET /pedido HTTP/1.1\" 200 2 \"-\" \"PostmanRuntime/7.28.4\"\n","timestamp":"2021-10-27T16:55:01.432Z"}
{"level":"info","message":"::1 - - [28/Oct/2021:13:18:07 +0000] \"GET /usuario HTTP/1.1\" 200 382 \"-\" \"PostmanRuntime/7.28.4\"\n","timestamp":"2021-10-28T13:18:07.117Z"}
{"level":"info","message":"::1 - - [28/Oct/2021:13:18:16 +0000] \"GET /pedido HTTP/1.1\" 200 2 \"-\" \"PostmanRuntime/7.28.4\"\n","timestamp":"2021-10-28T13:18:16.553Z"}
{"level":"info","message":"::1 - - [28/Oct/2021:13:20:40 +0000] \"GET /pedido HTTP/1.1\" 200 2 \"-\" \"PostmanRuntime/7.28.4\"\n","timestamp":"2021-10-28T13:20:40.676Z"}
{"level":"info","message":"::1 - - [28/Oct/2021:13:22:45 +0000] \"POST /pedido HTTP/1.1\" 400 39 \"-\" \"PostmanRuntime/7.28.4\"\n","timestamp":"2021-10-28T13:22:45.458Z"}
{"level":"info","message":"::1 - - [28/Oct/2021:13:23:56 +0000] \"POST /pedido HTTP/1.1\" 400 39 \"-\" \"PostmanRuntime/7.28.4\"\n","timestamp":"2021-10-28T13:23:56.249Z"}
{"level":"info","message":"::1 - - [28/Oct/2021:13:24:22 +0000] \"GET /usuario HTTP/1.1\" 200 382 \"-\" \"PostmanRuntime/7.28.4\"\n","timestamp":"2021-10-28T13:24:22.936Z"}
{"level":"info","message":"::1 - - [28/Oct/2021:13:24:27 +0000] \"GET /pelicula HTTP/1.1\" 200 441 \"-\" \"PostmanRuntime/7.28.4\"\n","timestamp":"2021-10-28T13:24:27.059Z"}
{"level":"info","message":"::1 - - [28/Oct/2021:13:24:33 +0000] \"GET /pedido HTTP/1.1\" 200 2 \"-\" \"PostmanRuntime/7.28.4\"\n","timestamp":"2021-10-28T13:24:33.080Z"}
{"level":"info","message":"::1 - - [28/Oct/2021:13:25:27 +0000] \"GET /pedido HTTP/1.1\" 200 2 \"-\" \"PostmanRuntime/7.28.4\"\n","timestamp":"2021-10-28T13:25:27.800Z"}
{"level":"info","message":"::1 - - [28/Oct/2021:13:25:35 +0000] \"POST /pedido HTTP/1.1\" 400 39 \"-\" \"PostmanRuntime/7.28.4\"\n","timestamp":"2021-10-28T13:25:35.177Z"}
{"level":"info","message":"::1 - - [28/Oct/2021:13:27:46 +0000] \"POST /pedido HTTP/1.1\" 500 1580 \"-\" \"PostmanRuntime/7.28.4\"\n","timestamp":"2021-10-28T13:27:46.533Z"}
{"level":"info","message":"::1 - - [28/Oct/2021:13:28:11 +0000] \"GET /pedido HTTP/1.1\" 200 2 \"-\" \"PostmanRuntime/7.28.4\"\n","timestamp":"2021-10-28T13:28:11.986Z"}
{"level":"info","message":"::1 - - [28/Oct/2021:13:28:15 +0000] \"POST /pedido HTTP/1.1\" 500 1580 \"-\" \"PostmanRuntime/7.28.4\"\n","timestamp":"2021-10-28T13:28:15.617Z"}
{"level":"info","message":"::1 - - [28/Oct/2021:13:29:31 +0000] \"POST /pedido HTTP/1.1\" 500 1580 \"-\" \"PostmanRuntime/7.28.4\"\n","timestamp":"2021-10-28T13:29:31.289Z"}
{"level":"info","message":"::1 - - [28/Oct/2021:13:30:27 +0000] \"POST /pedido HTTP/1.1\" 200 222 \"-\" \"PostmanRuntime/7.28.4\"\n","timestamp":"2021-10-28T13:30:27.398Z"}
{"level":"info","message":"::1 - - [28/Oct/2021:13:30:32 +0000] \"GET /pedido HTTP/1.1\" 200 224 \"-\" \"PostmanRuntime/7.28.4\"\n","timestamp":"2021-10-28T13:30:32.444Z"}
{"level":"info","message":"::1 - - [28/Oct/2021:13:35:47 +0000] \"PUT /pedido/617aa5f3f2cb686299de2b31 HTTP/1.1\" 400 1097 \"-\" \"PostmanRuntime/7.28.4\"\n","timestamp":"2021-10-28T13:35:47.952Z"}
{"level":"info","message":"::1 - - [28/Oct/2021:13:35:54 +0000] \"PUT /pedido/617aa5f3f2cb686299de2b31 HTTP/1.1\" 200 46 \"-\" \"PostmanRuntime/7.28.4\"\n","timestamp":"2021-10-28T13:35:54.854Z"}
{"level":"info","message":"::1 - - [28/Oct/2021:13:36:05 +0000] \"GET /pedido HTTP/1.1\" 200 226 \"-\" \"PostmanRuntime/7.28.4\"\n","timestamp":"2021-10-28T13:36:05.989Z"}
{"level":"info","message":"::1 - - [28/Oct/2021:13:36:36 +0000] \"DELETE /pedido/617aa5f3f2cb686299de2b31 HTTP/1.1\" 200 46 \"-\" \"PostmanRuntime/7.28.4\"\n","timestamp":"2021-10-28T13:36:36.956Z"}
{"level":"info","message":"::1 - - [28/Oct/2021:13:36:39 +0000] \"GET /pedido HTTP/1.1\" 200 2 \"-\" \"PostmanRuntime/7.28.4\"\n","timestamp":"2021-10-28T13:36:39.876Z"}
{"level":"info","message":"::1 - - [28/Oct/2021:13:48:06 +0000] \"GET /pedido HTTP/1.1\" 200 2 \"-\" \"PostmanRuntime/7.28.4\"\n","timestamp":"2021-10-28T13:48:06.537Z"}
{"level":"info","message":"::1 - - [28/Oct/2021:13:48:10 +0000] \"GET /usuario HTTP/1.1\" 200 382 \"-\" \"PostmanRuntime/7.28.4\"\n","timestamp":"2021-10-28T13:48:10.226Z"}
{"level":"info","message":"::1 - - [28/Oct/2021:13:48:13 +0000] \"GET /pelicula HTTP/1.1\" 200 441 \"-\" \"PostmanRuntime/7.28.4\"\n","timestamp":"2021-10-28T13:48:13.295Z"}
{"level":"info","message":"::1 - - [28/Oct/2021:13:53:11 +0000] \"GET /pelicula HTTP/1.1\" 200 441 \"-\" \"PostmanRuntime/7.28.4\"\n","timestamp":"2021-10-28T13:53:11.373Z"}
{"level":"info","message":"::1 - - [28/Oct/2021:13:53:14 +0000] \"GET /pedido HTTP/1.1\" 200 2 \"-\" \"PostmanRuntime/7.28.4\"\n","timestamp":"2021-10-28T13:53:14.942Z"}
{"level":"info","message":"::1 - - [28/Oct/2021:13:53:17 +0000] \"GET /usuario HTTP/1.1\" 200 382 \"-\" \"PostmanRuntime/7.28.4\"\n","timestamp":"2021-10-28T13:53:17.708Z"}
{"level":"info","message":"::1 - - [28/Oct/2021:13:53:22 +0000] \"GET /pelicula HTTP/1.1\" 200 441 \"-\" \"PostmanRuntime/7.28.4\"\n","timestamp":"2021-10-28T13:53:22.059Z"}
{"level":"info","message":"::1 - - [28/Oct/2021:13:53:25 +0000] \"GET /pedido HTTP/1.1\" 200 2 \"-\" \"PostmanRuntime/7.28.4\"\n","timestamp":"2021-10-28T13:53:25.519Z"}
{"level":"info","message":"::1 - - [28/Oct/2021:13:53:44 +0000] \"GET /usuario HTTP/1.1\" 200 382 \"-\" \"PostmanRuntime/7.28.4\"\n","timestamp":"2021-10-28T13:53:44.432Z"}
{"level":"info","message":"::1 - - [28/Oct/2021:14:37:09 +0000] \"GET /usuario HTTP/1.1\" 200 382 \"-\" \"PostmanRuntime/7.28.4\"\n","timestamp":"2021-10-28T14:37:09.596Z"}
{"level":"info","message":"::1 - - [28/Oct/2021:14:38:49 +0000] \"GET /usuario%20EY%20FLOR HTTP/1.1\" 404 158 \"-\" \"PostmanRuntime/7.28.4\"\n","timestamp":"2021-10-28T14:38:49.681Z"}
{"level":"info","message":"::1 - - [28/Oct/2021:14:38:57 +0000] \"GET /usuario HTTP/1.1\" 200 382 \"-\" \"PostmanRuntime/7.28.4\"\n","timestamp":"2021-10-28T14:38:57.885Z"}
{"level":"info","message":"::1 - - [28/Oct/2021:14:51:01 +0000] \"GET /usuario HTTP/1.1\" 200 382 \"-\" \"PostmanRuntime/7.28.4\"\n","timestamp":"2021-10-28T14:51:01.291Z"}
{"level":"info","message":"::1 - - [28/Oct/2021:15:17:26 +0000] \"GET / HTTP/1.1\" 200 24 \"-\" \"PostmanRuntime/7.28.4\"\n","timestamp":"2021-10-28T15:17:26.133Z"}
{"level":"info","message":"::1 - - [28/Oct/2021:15:30:14 +0000] \"POST /api/signup HTTP/1.1\" 500 1583 \"-\" \"PostmanRuntime/7.28.4\"\n","timestamp":"2021-10-28T15:30:14.860Z"}
{"level":"info","message":"::1 - - [28/Oct/2021:15:52:59 +0000] \"POST /api/signup HTTP/1.1\" 500 1583 \"-\" \"PostmanRuntime/7.28.4\"\n","timestamp":"2021-10-28T15:52:59.398Z"}
{"level":"info","message":"::1 - - [28/Oct/2021:15:54:42 +0000] \"POST /api/signup HTTP/1.1\" 500 1583 \"-\" \"PostmanRuntime/7.28.4\"\n","timestamp":"2021-10-28T15:54:42.512Z"}
{"level":"info","message":"::1 - - [28/Oct/2021:16:03:00 +0000] \"POST /api/signup HTTP/1.1\" 500 1607 \"-\" \"PostmanRuntime/7.28.4\"\n","timestamp":"2021-10-28T16:03:00.702Z"}
{"level":"info","message":"::1 - - [28/Oct/2021:16:04:43 +0000] \"POST /api/signup HTTP/1.1\" 200 439 \"-\" \"PostmanRuntime/7.28.4\"\n","timestamp":"2021-10-28T16:04:43.193Z"}
{"level":"info","message":"::1 - - [28/Oct/2021:16:08:57 +0000] \"POST /api/sigin HTTP/1.1\" 404 149 \"-\" \"PostmanRuntime/7.28.4\"\n","timestamp":"2021-10-28T16:08:57.287Z"}
{"level":"info","message":"::1 - - [28/Oct/2021:16:09:05 +0000] \"POST /api/signin HTTP/1.1\" 500 2 \"-\" \"PostmanRuntime/7.28.4\"\n","timestamp":"2021-10-28T16:09:05.959Z"}
{"level":"info","message":"::1 - - [28/Oct/2021:16:10:32 +0000] \"POST /api/signin HTTP/1.1\" 500 2 \"-\" \"PostmanRuntime/7.28.4\"\n","timestamp":"2021-10-28T16:10:32.372Z"}
{"level":"info","message":"::1 - - [28/Oct/2021:16:10:36 +0000] \"POST /api/signin HTTP/1.1\" 500 2 \"-\" \"PostmanRuntime/7.28.4\"\n","timestamp":"2021-10-28T16:10:36.348Z"}
{"level":"info","message":"::1 - - [28/Oct/2021:16:10:36 +0000] \"POST /api/signin HTTP/1.1\" 500 2 \"-\" \"PostmanRuntime/7.28.4\"\n","timestamp":"2021-10-28T16:10:36.750Z"}
{"level":"info","message":"::1 - - [28/Oct/2021:16:10:50 +0000] \"POST /api/signin HTTP/1.1\" 500 2 \"-\" \"PostmanRuntime/7.28.4\"\n","timestamp":"2021-10-28T16:10:50.203Z"}
{"level":"info","message":"::1 - - [28/Oct/2021:16:18:12 +0000] \"POST /api/signin HTTP/1.1\" 404 47 \"-\" \"PostmanRuntime/7.28.4\"\n","timestamp":"2021-10-28T16:18:12.138Z"}
{"level":"info","message":"::1 - - [28/Oct/2021:16:18:41 +0000] \"POST /api/signin HTTP/1.1\" 404 47 \"-\" \"PostmanRuntime/7.28.4\"\n","timestamp":"2021-10-28T16:18:41.827Z"}
{"level":"info","message":"::1 - - [28/Oct/2021:16:18:47 +0000] \"POST /api/signup HTTP/1.1\" 500 1583 \"-\" \"PostmanRuntime/7.28.4\"\n","timestamp":"2021-10-28T16:18:47.014Z"}
{"level":"info","message":"::1 - - [28/Oct/2021:16:19:15 +0000] \"POST /api/signup HTTP/1.1\" 200 439 \"-\" \"PostmanRuntime/7.28.4\"\n","timestamp":"2021-10-28T16:19:15.315Z"}
{"level":"info","message":"::1 - - [28/Oct/2021:16:24:26 +0000] \"POST /api/signup HTTP/1.1\" 200 693 \"-\" \"PostmanRuntime/7.28.4\"\n","timestamp":"2021-10-28T16:24:26.223Z"}
{"level":"info","message":"::1 - - [28/Oct/2021:16:26:20 +0000] \"POST /api/signin HTTP/1.1\" 200 693 \"-\" \"PostmanRuntime/7.28.4\"\n","timestamp":"2021-10-28T16:26:20.448Z"}
{"level":"info","message":"::1 - - [28/Oct/2021:16:28:34 +0000] \"GET / HTTP/1.1\" 200 24 \"-\" \"PostmanRuntime/7.28.4\"\n","timestamp":"2021-10-28T16:28:34.801Z"}
{"level":"info","message":"::1 - - [28/Oct/2021:16:28:37 +0000] \"GET /usuario HTTP/1.1\" 401 30 \"-\" \"PostmanRuntime/7.28.4\"\n","timestamp":"2021-10-28T16:28:37.576Z"}
{"level":"info","message":"::1 - - [28/Oct/2021:16:28:43 +0000] \"POST /api/signup HTTP/1.1\" 200 693 \"-\" \"PostmanRuntime/7.28.4\"\n","timestamp":"2021-10-28T16:28:43.636Z"}
{"level":"info","message":"::1 - - [28/Oct/2021:16:28:47 +0000] \"POST /api/signin HTTP/1.1\" 200 693 \"-\" \"PostmanRuntime/7.28.4\"\n","timestamp":"2021-10-28T16:28:47.208Z"}
{"level":"info","message":"::1 - - [29/Oct/2021:07:24:51 +0000] \"GET / HTTP/1.1\" 200 24 \"-\" \"PostmanRuntime/7.28.4\"\n","timestamp":"2021-10-29T07:24:51.365Z"}
{"level":"info","message":"::1 - - [29/Oct/2021:07:24:58 +0000] \"POST /api/signup HTTP/1.1\" 200 693 \"-\" \"PostmanRuntime/7.28.4\"\n","timestamp":"2021-10-29T07:24:58.146Z"}
{"level":"info","message":"::1 - - [29/Oct/2021:07:25:05 +0000] \"POST /api/signin HTTP/1.1\" 200 693 \"-\" \"PostmanRuntime/7.28.4\"\n","timestamp":"2021-10-29T07:25:05.927Z"}
{"level":"info","message":"::1 - - [29/Oct/2021:07:25:57 +0000] \"GET /usuario HTTP/1.1\" 401 30 \"-\" \"PostmanRuntime/7.28.4\"\n","timestamp":"2021-10-29T07:25:57.648Z"}
{"level":"info","message":"::1 - - [29/Oct/2021:07:26:50 +0000] \"POST /api/signin HTTP/1.1\" 200 693 \"-\" \"PostmanRuntime/7.28.4\"\n","timestamp":"2021-10-29T07:26:50.148Z"}
{"level":"info","message":"::1 - - [29/Oct/2021:07:30:33 +0000] \"POST /api/signin HTTP/1.1\" 200 720 \"-\" \"PostmanRuntime/7.28.4\"\n","timestamp":"2021-10-29T07:30:33.155Z"}
{"level":"info","message":"::1 - - [29/Oct/2021:07:31:26 +0000] \"POST /api/signin HTTP/1.1\" 200 720 \"-\" \"PostmanRuntime/7.28.4\"\n","timestamp":"2021-10-29T07:31:26.661Z"}
{"level":"info","message":"::1 - - [29/Oct/2021:07:31:33 +0000] \"POST /api/signup HTTP/1.1\" 200 693 \"-\" \"PostmanRuntime/7.28.4\"\n","timestamp":"2021-10-29T07:31:33.929Z"}
{"level":"info","message":"::1 - - [29/Oct/2021:07:31:41 +0000] \"GET /usuario HTTP/1.1\" 401 30 \"-\" \"PostmanRuntime/7.28.4\"\n","timestamp":"2021-10-29T07:31:41.636Z"}
{"level":"info","message":"::1 - - [29/Oct/2021:07:33:13 +0000] \"GET / HTTP/1.1\" 200 24 \"-\" \"PostmanRuntime/7.28.4\"\n","timestamp":"2021-10-29T07:33:13.802Z"}
{"level":"info","message":"::1 - - [29/Oct/2021:07:33:18 +0000] \"GET /usuario HTTP/1.1\" 401 30 \"-\" \"PostmanRuntime/7.28.4\"\n","timestamp":"2021-10-29T07:33:18.669Z"}
{"level":"info","message":"::1 - - [02/Nov/2021:14:03:40 +0000] \"GET /usuario HTTP/1.1\" 500 155 \"-\" \"PostmanRuntime/7.28.4\"\n","timestamp":"2021-11-02T14:03:40.454Z"}
{"level":"info","message":"::1 - - [02/Nov/2021:14:04:50 +0000] \"POST /api/signin HTTP/1.1\" 200 720 \"-\" \"PostmanRuntime/7.28.4\"\n","timestamp":"2021-11-02T14:04:50.444Z"}
{"level":"info","message":"::1 - - [02/Nov/2021:14:05:15 +0000] \"GET /usuario HTTP/1.1\" 200 921 \"-\" \"PostmanRuntime/7.28.4\"\n","timestamp":"2021-11-02T14:05:15.145Z"}
{"level":"info","message":"::1 - - [02/Nov/2021:14:41:28 +0000] \"GET /usuario HTTP/1.1\" 200 921 \"-\" \"PostmanRuntime/7.28.4\"\n","timestamp":"2021-11-02T14:41:28.388Z"}
{"level":"info","message":"::1 - - [02/Nov/2021:14:41:57 +0000] \"GET /usuario HTTP/1.1\" 401 30 \"-\" \"PostmanRuntime/7.28.4\"\n","timestamp":"2021-11-02T14:41:57.203Z"}
{"level":"info","message":"::1 - - [02/Nov/2021:14:43:11 +0000] \"DELETE /usuario/617972310ddfddf59e532ae4 HTTP/1.1\" 401 30 \"-\" \"PostmanRuntime/7.28.4\"\n","timestamp":"2021-11-02T14:43:11.726Z"}
{"level":"info","message":"::1 - - [02/Nov/2021:14:43:27 +0000] \"POST /api/signin HTTP/1.1\" 200 720 \"-\" \"PostmanRuntime/7.28.4\"\n","timestamp":"2021-11-02T14:43:27.323Z"}
{"level":"info","message":"::1 - - [02/Nov/2021:14:43:44 +0000] \"GET /pelicula HTTP/1.1\" 401 30 \"-\" \"PostmanRuntime/7.28.4\"\n","timestamp":"2021-11-02T14:43:44.290Z"}
{"level":"info","message":"::1 - - [02/Nov/2021:14:44:08 +0000] \"GET /pelicula HTTP/1.1\" 200 2 \"-\" \"PostmanRuntime/7.28.4\"\n","timestamp":"2021-11-02T14:44:08.413Z"}
{"level":"info","message":"::1 - - [02/Nov/2021:14:44:17 +0000] \"POST /pelicula HTTP/1.1\" 401 30 \"-\" \"PostmanRuntime/7.28.4\"\n","timestamp":"2021-11-02T14:44:17.929Z"}
{"level":"info","message":"::1 - - [02/Nov/2021:14:44:29 +0000] \"POST /pelicula HTTP/1.1\" 200 221 \"-\" \"PostmanRuntime/7.28.4\"\n","timestamp":"2021-11-02T14:44:29.001Z"}
{"level":"info","message":"::1 - - [02/Nov/2021:14:44:36 +0000] \"GET /pelicula HTTP/1.1\" 200 223 \"-\" \"PostmanRuntime/7.28.4\"\n","timestamp":"2021-11-02T14:44:36.026Z"}
{"level":"info","message":"::1 - - [02/Nov/2021:14:48:18 +0000] \"POST /pelicula HTTP/1.1\" 200 225 \"-\" \"PostmanRuntime/7.28.4\"\n","timestamp":"2021-11-02T14:48:18.599Z"}
{"level":"info","message":"::1 - - [02/Nov/2021:14:48:22 +0000] \"GET /pelicula HTTP/1.1\" 401 30 \"-\" \"PostmanRuntime/7.28.4\"\n","timestamp":"2021-11-02T14:48:22.192Z"}
{"level":"info","message":"::1 - - [02/Nov/2021:14:48:52 +0000] \"GET /pelicula HTTP/1.1\" 200 449 \"-\" \"PostmanRuntime/7.28.4\"\n","timestamp":"2021-11-02T14:48:52.474Z"}
{"level":"info","message":"::1 - - [02/Nov/2021:14:49:18 +0000] \"GET /pelicula/title/El%20se%C3%B1or%20de%20los%20anillos HTTP/1.1\" 404 190 \"-\" \"PostmanRuntime/7.28.4\"\n","timestamp":"2021-11-02T14:49:18.685Z"}
{"level":"info","message":"::1 - - [02/Nov/2021:14:59:12 +0000] \"GET /pelicula/title/El%20se%C3%B1or%20de%20los%20anillos HTTP/1.1\" 404 190 \"-\" \"PostmanRuntime/7.28.4\"\n","timestamp":"2021-11-02T14:59:12.212Z"}
{"level":"info","message":"::1 - - [02/Nov/2021:14:59:37 +0000] \"GET /pedido HTTP/1.1\" 401 30 \"-\" \"PostmanRuntime/7.28.4\"\n","timestamp":"2021-11-02T14:59:37.057Z"}
{"level":"info","message":"::1 - - [02/Nov/2021:14:59:43 +0000] \"POST /pedido HTTP/1.1\" 401 30 \"-\" \"PostmanRuntime/7.28.4\"\n","timestamp":"2021-11-02T14:59:43.343Z"}
{"level":"info","message":"::1 - - [02/Nov/2021:15:00:05 +0000] \"POST /pelicula HTTP/1.1\" 200 225 \"-\" \"PostmanRuntime/7.28.4\"\n","timestamp":"2021-11-02T15:00:05.672Z"}
{"level":"info","message":"::1 - - [02/Nov/2021:15:02:10 +0000] \"POST /pelicula HTTP/1.1\" 200 225 \"-\" \"PostmanRuntime/7.28.4\"\n","timestamp":"2021-11-02T15:02:10.139Z"}
{"level":"info","message":"::1 - - [02/Nov/2021:15:02:17 +0000] \"POST /pelicula HTTP/1.1\" 200 225 \"-\" \"PostmanRuntime/7.28.4\"\n","timestamp":"2021-11-02T15:02:17.295Z"}
{"level":"info","message":"::1 - - [02/Nov/2021:15:02:51 +0000] \"POST /pelicula HTTP/1.1\" 200 225 \"-\" \"PostmanRuntime/7.28.4\"\n","timestamp":"2021-11-02T15:02:51.944Z"}
{"level":"info","message":"::1 - - [02/Nov/2021:15:04:35 +0000] \"POST /pelicula/El%20se%C3%B1or%20de%20los%20anillos%202222 HTTP/1.1\" 404 192 \"-\" \"PostmanRuntime/7.28.4\"\n","timestamp":"2021-11-02T15:04:35.434Z"}
{"level":"info","message":"::1 - - [02/Nov/2021:15:06:29 +0000] \"POST /pelicula/El%20se%C3%B1or%20de%20los%20anillos%202222 HTTP/1.1\" 404 192 \"-\" \"PostmanRuntime/7.28.4\"\n","timestamp":"2021-11-02T15:06:29.172Z"}
{"level":"info","message":"::1 - - [02/Nov/2021:15:07:53 +0000] \"POST /pelicula/El%20se%C3%B1or%20de%20los%20anillos%202222 HTTP/1.1\" 404 192 \"-\" \"PostmanRuntime/7.28.4\"\n","timestamp":"2021-11-02T15:07:53.787Z"}
{"level":"info","message":"::1 - - [02/Nov/2021:15:08:08 +0000] \"POST /pelicula/titulo/El%20se%C3%B1or%20de%20los%20anillos%202222 HTTP/1.1\" 404 199 \"-\" \"PostmanRuntime/7.28.4\"\n","timestamp":"2021-11-02T15:08:08.210Z"}
{"level":"info","message":"::1 - - [02/Nov/2021:15:10:07 +0000] \"GET /pelicula/title/El%20se%C3%B1or%20de%20los%20anillos HTTP/1.1\" 404 190 \"-\" \"PostmanRuntime/7.28.4\"\n","timestamp":"2021-11-02T15:10:07.276Z"}
{"level":"info","message":"::1 - - [02/Nov/2021:15:10:51 +0000] \"GET /peliculas/title/El%20se%C3%B1or%20de%20los%20anillos HTTP/1.1\" 404 191 \"-\" \"PostmanRuntime/7.28.4\"\n","timestamp":"2021-11-02T15:10:51.652Z"}
{"level":"info","message":"::1 - - [02/Nov/2021:15:11:08 +0000] \"GET /peliculas/title/El%20se%C3%B1or%20de%20los%20anillos HTTP/1.1\" 404 191 \"-\" \"PostmanRuntime/7.28.4\"\n","timestamp":"2021-11-02T15:11:08.493Z"}
{"level":"info","message":"::1 - - [02/Nov/2021:15:12:59 +0000] \"GET /peliculas/title/El%20se%C3%B1or%20de%20los%20anillos HTTP/1.1\" 404 191 \"-\" \"PostmanRuntime/7.28.4\"\n","timestamp":"2021-11-02T15:12:59.829Z"}
{"level":"info","message":"::1 - - [02/Nov/2021:15:13:20 +0000] \"GET /peliculas/title/El%20se%C3%B1or%20de%20los%20anillos HTTP/1.1\" 404 191 \"-\" \"PostmanRuntime/7.28.4\"\n","timestamp":"2021-11-02T15:13:20.197Z"}
{"level":"info","message":"::1 - - [02/Nov/2021:15:14:39 +0000] \"GET /peliculas/title/El%20se%C3%B1or%20de%20los%20anillos HTTP/1.1\" 404 191 \"-\" \"PostmanRuntime/7.28.4\"\n","timestamp":"2021-11-02T15:14:39.356Z"}
{"level":"info","message":"::1 - - [02/Nov/2021:15:15:13 +0000] \"GET /peliculas/title/El%20se%C3%B1or%20de%20los%20anillos HTTP/1.1\" 404 191 \"-\" \"PostmanRuntime/7.28.4\"\n","timestamp":"2021-11-02T15:15:13.638Z"}
{"level":"info","message":"::1 - - [02/Nov/2021:15:16:57 +0000] \"GET /peliculas/El%20se%C3%B1or%20de%20los%20anillos HTTP/1.1\" 404 185 \"-\" \"PostmanRuntime/7.28.4\"\n","timestamp":"2021-11-02T15:16:57.493Z"}
{"level":"info","message":"::1 - - [02/Nov/2021:15:17:05 +0000] \"GET /pelicula HTTP/1.1\" 200 1353 \"-\" \"PostmanRuntime/7.28.4\"\n","timestamp":"2021-11-02T15:17:05.149Z"}
{"level":"info","message":"::1 - - [02/Nov/2021:15:17:24 +0000] \"GET /pelicula/El%20se%C3%B1or%20de%20los%20anillos HTTP/1.1\" 500 72 \"-\" \"PostmanRuntime/7.28.4\"\n","timestamp":"2021-11-02T15:17:24.547Z"}
{"level":"info","message":"::1 - - [02/Nov/2021:15:18:57 +0000] \"GET /El%20se%C3%B1or%20de%20los%20anillos HTTP/1.1\" 404 175 \"-\" \"PostmanRuntime/7.28.4\"\n","timestamp":"2021-11-02T15:18:57.681Z"}
{"level":"info","message":"::1 - - [02/Nov/2021:15:19:18 +0000] \"POST /pelicula/titulo/El%20se%C3%B1or%20de%20los%20anillos%202222 HTTP/1.1\" 404 199 \"-\" \"PostmanRuntime/7.28.4\"\n","timestamp":"2021-11-02T15:19:18.894Z"}
{"level":"info","message":"::1 - - [02/Nov/2021:15:20:06 +0000] \"GET /Peter HTTP/1.1\" 404 144 \"-\" \"PostmanRuntime/7.28.4\"\n","timestamp":"2021-11-02T15:20:06.198Z"}
{"level":"info","message":"::1 - - [02/Nov/2021:15:20:57 +0000] \"GET /title/Peter HTTP/1.1\" 404 150 \"-\" \"PostmanRuntime/7.28.4\"\n","timestamp":"2021-11-02T15:20:57.626Z"}
{"level":"info","message":"::1 - - [02/Nov/2021:15:21:48 +0000] \"GET /title/peter HTTP/1.1\" 404 150 \"-\" \"PostmanRuntime/7.28.4\"\n","timestamp":"2021-11-02T15:21:48.932Z"}
{"level":"info","message":"::1 - - [02/Nov/2021:15:29:54 +0000] \"GET /pelicula HTTP/1.1\" 200 1353 \"-\" \"PostmanRuntime/7.28.4\"\n","timestamp":"2021-11-02T15:29:54.085Z"}
{"level":"info","message":"::1 - - [02/Nov/2021:15:30:33 +0000] \"POST / HTTP/1.1\" 404 140 \"-\" \"PostmanRuntime/7.28.4\"\n","timestamp":"2021-11-02T15:30:33.806Z"}
{"level":"info","message":"::1 - - [02/Nov/2021:15:31:20 +0000] \"GET /pelicula HTTP/1.1\" 200 1353 \"-\" \"PostmanRuntime/7.28.4\"\n","timestamp":"2021-11-02T15:31:20.076Z"}
{"level":"info","message":"::1 - - [02/Nov/2021:15:31:39 +0000] \"POST / HTTP/1.1\" 404 140 \"-\" \"PostmanRuntime/7.28.4\"\n","timestamp":"2021-11-02T15:31:39.698Z"}
{"level":"info","message":"::1 - - [02/Nov/2021:15:31:46 +0000] \"POST / HTTP/1.1\" 404 140 \"-\" \"PostmanRuntime/7.28.4\"\n","timestamp":"2021-11-02T15:31:46.676Z"}
{"level":"info","message":"::1 - - [02/Nov/2021:15:32:00 +0000] \"POST /pelicula/ HTTP/1.1\" 200 201 \"-\" \"PostmanRuntime/7.28.4\"\n","timestamp":"2021-11-02T15:32:00.795Z"}
{"level":"info","message":"::1 - - [02/Nov/2021:15:32:06 +0000] \"POST /pelicula/El%20se%C3%B1or%20de%20los%20anillos%202222 HTTP/1.1\" 404 192 \"-\" \"PostmanRuntime/7.28.4\"\n","timestamp":"2021-11-02T15:32:06.616Z"}
{"level":"info","message":"::1 - - [02/Nov/2021:15:32:10 +0000] \"POST /pelicula/ HTTP/1.1\" 200 201 \"-\" \"PostmanRuntime/7.28.4\"\n","timestamp":"2021-11-02T15:32:10.592Z"}
{"level":"info","message":"::1 - - [02/Nov/2021:15:32:14 +0000] \"GET /pelicula HTTP/1.1\" 200 1757 \"-\" \"PostmanRuntime/7.28.4\"\n","timestamp":"2021-11-02T15:32:14.880Z"}
{"level":"info","message":"::1 - - [02/Nov/2021:15:33:37 +0000] \"GET /pelicula HTTP/1.1\" 200 1757 \"-\" \"PostmanRuntime/7.28.4\"\n","timestamp":"2021-11-02T15:33:37.797Z"}
{"level":"info","message":"::1 - - [02/Nov/2021:15:33:54 +0000] \"GET /title/Peter HTTP/1.1\" 404 150 \"-\" \"PostmanRuntime/7.28.4\"\n","timestamp":"2021-11-02T15:33:54.935Z"}
{"level":"info","message":"::1 - - [02/Nov/2021:15:36:00 +0000] \"GET /title/Peter HTTP/1.1\" 404 150 \"-\" \"PostmanRuntime/7.28.4\"\n","timestamp":"2021-11-02T15:36:00.486Z"}
{"level":"info","message":"::1 - - [02/Nov/2021:15:36:02 +0000] \"GET /title/Peter HTTP/1.1\" 404 150 \"-\" \"PostmanRuntime/7.28.4\"\n","timestamp":"2021-11-02T15:36:02.185Z"}
{"level":"info","message":"::1 - - [02/Nov/2021:15:37:22 +0000] \"GET /title/Peter HTTP/1.1\" 404 150 \"-\" \"PostmanRuntime/7.28.4\"\n","timestamp":"2021-11-02T15:37:22.428Z"}
{"level":"info","message":"::1 - - [02/Nov/2021:15:38:21 +0000] \"GET /pelicula/title/Peter HTTP/1.1\" 200 201 \"-\" \"PostmanRuntime/7.28.4\"\n","timestamp":"2021-11-02T15:38:21.406Z"}
{"level":"info","message":"::1 - - [02/Nov/2021:15:38:51 +0000] \"GET /pelicula/title/Peter HTTP/1.1\" 200 201 \"-\" \"PostmanRuntime/7.28.4\"\n","timestamp":"2021-11-02T15:38:51.272Z"}
{"level":"info","message":"::1 - - [02/Nov/2021:15:45:57 +0000] \"DELETE /pelicula/61796284e3699824d3aa3f37 HTTP/1.1\" 401 30 \"-\" \"PostmanRuntime/7.28.4\"\n","timestamp":"2021-11-02T15:45:57.364Z"}
{"level":"info","message":"::1 - - [02/Nov/2021:15:46:28 +0000] \"DELETE /pelicula/61796284e3699824d3aa3f37 HTTP/1.1\" 200 69 \"-\" \"PostmanRuntime/7.28.4\"\n","timestamp":"2021-11-02T15:46:28.126Z"}
{"level":"info","message":"::1 - - [02/Nov/2021:15:47:04 +0000] \"GET /usuario HTTP/1.1\" 401 30 \"-\" \"PostmanRuntime/7.28.4\"\n","timestamp":"2021-11-02T15:47:04.890Z"}
{"level":"info","message":"::1 - - [02/Nov/2021:15:47:09 +0000] \"GET /usuario HTTP/1.1\" 200 921 \"-\" \"PostmanRuntime/7.28.4\"\n","timestamp":"2021-11-02T15:47:09.030Z"}
{"level":"info","message":"::1 - - [02/Nov/2021:15:49:35 +0000] \"POST /api/signin HTTP/1.1\" 200 720 \"-\" \"PostmanRuntime/7.28.4\"\n","timestamp":"2021-11-02T15:49:35.614Z"}
{"level":"info","message":"::1 - - [02/Nov/2021:15:50:21 +0000] \"POST /usuario HTTP/1.1\" 401 30 \"-\" \"PostmanRuntime/7.28.4\"\n","timestamp":"2021-11-02T15:50:21.666Z"}
{"level":"info","message":"::1 - - [02/Nov/2021:15:51:06 +0000] \"POST /usuario HTTP/1.1\" 200 190 \"-\" \"PostmanRuntime/7.28.4\"\n","timestamp":"2021-11-02T15:51:06.816Z"}
{"level":"info","message":"::1 - - [02/Nov/2021:15:51:12 +0000] \"GET /usuario HTTP/1.1\" 200 1112 \"-\" \"PostmanRuntime/7.28.4\"\n","timestamp":"2021-11-02T15:51:12.425Z"}
{"level":"info","message":"::1 - - [02/Nov/2021:15:56:41 +0000] \"GET /usuario HTTP/1.1\" 200 1112 \"-\" \"PostmanRuntime/7.28.4\"\n","timestamp":"2021-11-02T15:56:41.403Z"}
{"level":"info","message":"::1 - - [02/Nov/2021:15:59:06 +0000] \"POST /usuario HTTP/1.1\" 400 1103 \"-\" \"PostmanRuntime/7.28.4\"\n","timestamp":"2021-11-02T15:59:06.846Z"}
{"level":"info","message":"::1 - - [02/Nov/2021:15:59:12 +0000] \"POST /usuario HTTP/1.1\" 200 227 \"-\" \"PostmanRuntime/7.28.4\"\n","timestamp":"2021-11-02T15:59:12.774Z"}
{"level":"info","message":"::1 - - [02/Nov/2021:15:59:20 +0000] \"GET /usuario HTTP/1.1\" 200 1340 \"-\" \"PostmanRuntime/7.28.4\"\n","timestamp":"2021-11-02T15:59:20.687Z"}
{"level":"info","message":"::1 - - [02/Nov/2021:15:59:47 +0000] \"POST /api/signin HTTP/1.1\" 200 720 \"-\" \"PostmanRuntime/7.28.4\"\n","timestamp":"2021-11-02T15:59:47.203Z"}
{"level":"info","message":"::1 - - [02/Nov/2021:15:59:50 +0000] \"POST /api/signin HTTP/1.1\" 200 720 \"-\" \"PostmanRuntime/7.28.4\"\n","timestamp":"2021-11-02T15:59:50.814Z"}
{"level":"info","message":"::1 - - [02/Nov/2021:15:59:56 +0000] \"POST /api/signin HTTP/1.1\" 401 32 \"-\" \"PostmanRuntime/7.28.4\"\n","timestamp":"2021-11-02T15:59:56.552Z"}
{"level":"info","message":"::1 - - [02/Nov/2021:16:00:05 +0000] \"POST /api/signin HTTP/1.1\" 401 32 \"-\" \"PostmanRuntime/7.28.4\"\n","timestamp":"2021-11-02T16:00:05.291Z"}
{"level":"info","message":"::1 - - [02/Nov/2021:16:00:11 +0000] \"POST /usuario HTTP/1.1\" 200 227 \"-\" \"PostmanRuntime/7.28.4\"\n","timestamp":"2021-11-02T16:00:11.788Z"}
{"level":"info","message":"::1 - - [02/Nov/2021:16:00:25 +0000] \"POST /api/signin HTTP/1.1\" 401 32 \"-\" \"PostmanRuntime/7.28.4\"\n","timestamp":"2021-11-02T16:00:25.334Z"}
{"level":"info","message":"::1 - - [02/Nov/2021:16:01:12 +0000] \"GET /usuario HTTP/1.1\" 200 1568 \"-\" \"PostmanRuntime/7.28.4\"\n","timestamp":"2021-11-02T16:01:12.341Z"}
{"level":"info","message":"::1 - - [02/Nov/2021:16:01:39 +0000] \"GET /usuario HTTP/1.1\" 200 1568 \"-\" \"PostmanRuntime/7.28.4\"\n","timestamp":"2021-11-02T16:01:39.513Z"}
{"level":"info","message":"::1 - - [02/Nov/2021:16:04:00 +0000] \"POST /usuario HTTP/1.1\" 200 225 \"-\" \"PostmanRuntime/7.28.4\"\n","timestamp":"2021-11-02T16:04:00.292Z"}
{"level":"info","message":"::1 - - [02/Nov/2021:16:04:05 +0000] \"GET /usuario HTTP/1.1\" 200 1794 \"-\" \"PostmanRuntime/7.28.4\"\n","timestamp":"2021-11-02T16:04:05.092Z"}
{"level":"info","message":"::1 - - [02/Nov/2021:16:04:24 +0000] \"POST /api/signin HTTP/1.1\" 401 32 \"-\" \"PostmanRuntime/7.28.4\"\n","timestamp":"2021-11-02T16:04:24.276Z"}
{"level":"info","message":"::1 - - [02/Nov/2021:16:04:25 +0000] \"POST /api/signin HTTP/1.1\" 401 32 \"-\" \"PostmanRuntime/7.28.4\"\n","timestamp":"2021-11-02T16:04:25.977Z"}
{"level":"info","message":"::1 - - [02/Nov/2021:16:04:48 +0000] \"POST /api/signin HTTP/1.1\" 401 32 \"-\" \"PostmanRuntime/7.28.4\"\n","timestamp":"2021-11-02T16:04:48.862Z"}
{"level":"info","message":"::1 - - [02/Nov/2021:16:04:50 +0000] \"POST /api/signin HTTP/1.1\" 401 32 \"-\" \"PostmanRuntime/7.28.4\"\n","timestamp":"2021-11-02T16:04:50.382Z"}
{"level":"info","message":"::1 - - [02/Nov/2021:16:06:09 +0000] \"POST /api/signup HTTP/1.1\" 200 693 \"-\" \"PostmanRuntime/7.28.4\"\n","timestamp":"2021-11-02T16:06:09.204Z"}
{"level":"info","message":"::1 - - [02/Nov/2021:16:06:30 +0000] \"POST /api/signup HTTP/1.1\" 200 667 \"-\" \"PostmanRuntime/7.28.4\"\n","timestamp":"2021-11-02T16:06:30.909Z"}
{"level":"info","message":"::1 - - [03/Nov/2021:08:36:31 +0000] \"GET /usuario HTTP/1.1\" 401 30 \"-\" \"PostmanRuntime/7.28.4\"\n","timestamp":"2021-11-03T08:36:31.233Z"}
{"level":"info","message":"::1 - - [03/Nov/2021:08:36:41 +0000] \"GET / HTTP/1.1\" 200 24 \"-\" \"PostmanRuntime/7.28.4\"\n","timestamp":"2021-11-03T08:36:41.896Z"}
{"level":"info","message":"::1 - - [03/Nov/2021:08:36:44 +0000] \"GET /usuario HTTP/1.1\" 401 30 \"-\" \"PostmanRuntime/7.28.4\"\n","timestamp":"2021-11-03T08:36:44.745Z"}
{"level":"info","message":"::1 - - [03/Nov/2021:08:36:53 +0000] \"POST /usuario HTTP/1.1\" 200 327 \"-\" \"PostmanRuntime/7.28.4\"\n","timestamp":"2021-11-03T08:36:53.174Z"}
{"level":"info","message":"::1 - - [03/Nov/2021:08:37:57 +0000] \"POST /api/signin HTTP/1.1\" 401 32 \"-\" \"PostmanRuntime/7.28.4\"\n","timestamp":"2021-11-03T08:37:57.716Z"}
{"level":"info","message":"::1 - - [03/Nov/2021:08:38:03 +0000] \"POST /api/signup HTTP/1.1\" 200 667 \"-\" \"PostmanRuntime/7.28.4\"\n","timestamp":"2021-11-03T08:38:03.046Z"}
{"level":"info","message":"::1 - - [03/Nov/2021:08:38:25 +0000] \"GET /usuario HTTP/1.1\" 401 30 \"-\" \"PostmanRuntime/7.28.4\"\n","timestamp":"2021-11-03T08:38:25.606Z"}
{"level":"info","message":"::1 - - [03/Nov/2021:08:38:37 +0000] \"GET /usuario HTTP/1.1\" 401 30 \"-\" \"PostmanRuntime/7.28.4\"\n","timestamp":"2021-11-03T08:38:37.839Z"}
{"level":"info","message":"::1 - - [03/Nov/2021:08:40:18 +0000] \"GET /usuario HTTP/1.1\" 200 3001 \"-\" \"PostmanRuntime/7.28.4\"\n","timestamp":"2021-11-03T08:40:18.306Z"}
{"level":"info","message":"::1 - - [03/Nov/2021:08:40:50 +0000] \"GET /pelicula HTTP/1.1\" 200 1757 \"-\" \"PostmanRuntime/7.28.4\"\n","timestamp":"2021-11-03T08:40:50.882Z"}
{"level":"info","message":"::1 - - [03/Nov/2021:08:42:15 +0000] \"POST /usuario HTTP/1.1\" 200 327 \"-\" \"PostmanRuntime/7.28.4\"\n","timestamp":"2021-11-03T08:42:15.810Z"}
{"level":"info","message":"::1 - - [03/Nov/2021:08:42:30 +0000] \"POST /api/signup HTTP/1.1\" 200 667 \"-\" \"PostmanRuntime/7.28.4\"\n","timestamp":"2021-11-03T08:42:30.793Z"}
{"level":"info","message":"::1 - - [03/Nov/2021:08:42:37 +0000] \"POST /api/signin HTTP/1.1\" 401 32 \"-\" \"PostmanRuntime/7.28.4\"\n","timestamp":"2021-11-03T08:42:37.381Z"}
{"level":"info","message":"::1 - - [03/Nov/2021:08:42:49 +0000] \"GET /usuario HTTP/1.1\" 200 3548 \"-\" \"PostmanRuntime/7.28.4\"\n","timestamp":"2021-11-03T08:42:49.893Z"}
{"level":"info","message":"::1 - - [03/Nov/2021:08:46:06 +0000] \"POST /api/signin HTTP/1.1\" 200 720 \"-\" \"PostmanRuntime/7.28.4\"\n","timestamp":"2021-11-03T08:46:06.453Z"}
{"level":"info","message":"::1 - - [03/Nov/2021:08:46:24 +0000] \"GET /usuario HTTP/1.1\" 200 3548 \"-\" \"PostmanRuntime/7.28.4\"\n","timestamp":"2021-11-03T08:46:24.762Z"}
{"level":"info","message":"::1 - - [03/Nov/2021:08:47:11 +0000] \"POST /api/signup HTTP/1.1\" 200 667 \"-\" \"PostmanRuntime/7.28.4\"\n","timestamp":"2021-11-03T08:47:11.036Z"}
{"level":"info","message":"::1 - - [03/Nov/2021:08:47:23 +0000] \"POST /api/signin HTTP/1.1\" 401 32 \"-\" \"PostmanRuntime/7.28.4\"\n","timestamp":"2021-11-03T08:47:23.693Z"}
{"level":"info","message":"::1 - - [03/Nov/2021:08:47:27 +0000] \"POST /api/signin HTTP/1.1\" 401 32 \"-\" \"PostmanRuntime/7.28.4\"\n","timestamp":"2021-11-03T08:47:27.233Z"}
{"level":"info","message":"::1 - - [03/Nov/2021:08:47:50 +0000] \"GET /usuario HTTP/1.1\" 200 3767 \"-\" \"PostmanRuntime/7.28.4\"\n","timestamp":"2021-11-03T08:47:50.852Z"}
{"level":"info","message":"::1 - - [03/Nov/2021:08:48:11 +0000] \"POST /api/signup HTTP/1.1\" 200 667 \"-\" \"PostmanRuntime/7.28.4\"\n","timestamp":"2021-11-03T08:48:11.698Z"}
{"level":"info","message":"::1 - - [03/Nov/2021:08:48:32 +0000] \"POST /api/signin HTTP/1.1\" 401 32 \"-\" \"PostmanRuntime/7.28.4\"\n","timestamp":"2021-11-03T08:48:32.252Z"}
{"level":"info","message":"::1 - - [03/Nov/2021:08:49:13 +0000] \"POST /api/signin HTTP/1.1\" 401 32 \"-\" \"PostmanRuntime/7.28.4\"\n","timestamp":"2021-11-03T08:49:13.593Z"}
{"level":"info","message":"::1 - - [03/Nov/2021:08:50:30 +0000] \"POST /api/signup HTTP/1.1\" 200 667 \"-\" \"PostmanRuntime/7.28.4\"\n","timestamp":"2021-11-03T08:50:30.168Z"}
{"level":"info","message":"::1 - - [03/Nov/2021:08:50:40 +0000] \"POST /api/signin HTTP/1.1\" 401 32 \"-\" \"PostmanRuntime/7.28.4\"\n","timestamp":"2021-11-03T08:50:40.564Z"}
{"level":"info","message":"::1 - - [03/Nov/2021:08:50:51 +0000] \"GET /usuario HTTP/1.1\" 200 4205 \"-\" \"PostmanRuntime/7.28.4\"\n","timestamp":"2021-11-03T08:50:51.537Z"}
{"level":"info","message":"::1 - - [03/Nov/2021:08:51:12 +0000] \"POST /api/signin HTTP/1.1\" 401 32 \"-\" \"PostmanRuntime/7.28.4\"\n","timestamp":"2021-11-03T08:51:12.741Z"}
{"level":"info","message":"::1 - - [03/Nov/2021:08:51:46 +0000] \"POST /usuario HTTP/1.1\" 200 322 \"-\" \"PostmanRuntime/7.28.4\"\n","timestamp":"2021-11-03T08:51:46.195Z"}
{"level":"info","message":"::1 - - [03/Nov/2021:08:51:57 +0000] \"POST /api/signin HTTP/1.1\" 401 32 \"-\" \"PostmanRuntime/7.28.4\"\n","timestamp":"2021-11-03T08:51:57.476Z"}
{"level":"info","message":"::1 - - [03/Nov/2021:08:52:53 +0000] \"POST /api/signin HTTP/1.1\" 401 32 \"-\" \"PostmanRuntime/7.28.4\"\n","timestamp":"2021-11-03T08:52:53.947Z"}
{"level":"info","message":"::1 - - [03/Nov/2021:08:54:15 +0000] \"POST /api/signin HTTP/1.1\" 401 32 \"-\" \"PostmanRuntime/7.28.4\"\n","timestamp":"2021-11-03T08:54:15.231Z"}
{"level":"info","message":"::1 - - [03/Nov/2021:08:54:37 +0000] \"POST /api/signup HTTP/1.1\" 200 667 \"-\" \"PostmanRuntime/7.28.4\"\n","timestamp":"2021-11-03T08:54:37.474Z"}
{"level":"info","message":"::1 - - [03/Nov/2021:08:54:49 +0000] \"POST /api/signin HTTP/1.1\" 401 32 \"-\" \"PostmanRuntime/7.28.4\"\n","timestamp":"2021-11-03T08:54:49.395Z"}
{"level":"info","message":"::1 - - [03/Nov/2021:08:55:51 +0000] \"POST /usuario HTTP/1.1\" 200 322 \"-\" \"PostmanRuntime/7.28.4\"\n","timestamp":"2021-11-03T08:55:51.903Z"}
{"level":"info","message":"::1 - - [03/Nov/2021:08:56:00 +0000] \"GET /usuario HTTP/1.1\" 200 5070 \"-\" \"PostmanRuntime/7.28.4\"\n","timestamp":"2021-11-03T08:56:00.032Z"}
{"level":"info","message":"::1 - - [03/Nov/2021:08:56:23 +0000] \"POST /api/signin HTTP/1.1\" 401 32 \"-\" \"PostmanRuntime/7.28.4\"\n","timestamp":"2021-11-03T08:56:23.589Z"}
{"level":"info","message":"::1 - - [03/Nov/2021:08:56:37 +0000] \"POST /api/signin HTTP/1.1\" 401 32 \"-\" \"PostmanRuntime/7.28.4\"\n","timestamp":"2021-11-03T08:56:37.595Z"}
{"level":"info","message":"::1 - - [03/Nov/2021:08:57:55 +0000] \"POST /api/signin HTTP/1.1\" 401 32 \"-\" \"PostmanRuntime/7.28.4\"\n","timestamp":"2021-11-03T08:57:55.741Z"}
{"level":"info","message":"::1 - - [03/Nov/2021:08:58:17 +0000] \"POST /api/signin HTTP/1.1\" 401 32 \"-\" \"PostmanRuntime/7.28.4\"\n","timestamp":"2021-11-03T08:58:17.288Z"}
{"level":"info","message":"::1 - - [03/Nov/2021:09:01:29 +0000] \"POST /api/signup HTTP/1.1\" 200 667 \"-\" \"PostmanRuntime/7.28.4\"\n","timestamp":"2021-11-03T09:01:29.522Z"}
{"level":"info","message":"::1 - - [03/Nov/2021:09:01:35 +0000] \"GET /usuario HTTP/1.1\" 200 5289 \"-\" \"PostmanRuntime/7.28.4\"\n","timestamp":"2021-11-03T09:01:35.838Z"}
{"level":"info","message":"::1 - - [03/Nov/2021:09:02:29 +0000] \"POST /api/signin HTTP/1.1\" 401 32 \"-\" \"PostmanRuntime/7.28.4\"\n","timestamp":"2021-11-03T09:02:29.029Z"}
{"level":"info","message":"::1 - - [03/Nov/2021:09:02:58 +0000] \"POST /api/signup HTTP/1.1\" 200 674 \"-\" \"PostmanRuntime/7.28.4\"\n","timestamp":"2021-11-03T09:02:58.348Z"}
{"level":"info","message":"::1 - - [03/Nov/2021:09:03:10 +0000] \"POST /api/signin HTTP/1.1\" 401 32 \"-\" \"PostmanRuntime/7.28.4\"\n","timestamp":"2021-11-03T09:03:10.940Z"}
{"level":"info","message":"::1 - - [03/Nov/2021:09:03:32 +0000] \"POST /api/signin HTTP/1.1\" 401 32 \"-\" \"PostmanRuntime/7.28.4\"\n","timestamp":"2021-11-03T09:03:32.813Z"}
{"level":"info","message":"::1 - - [03/Nov/2021:09:03:39 +0000] \"POST /api/signin HTTP/1.1\" 200 720 \"-\" \"PostmanRuntime/7.28.4\"\n","timestamp":"2021-11-03T09:03:39.697Z"}
{"level":"info","message":"::1 - - [03/Nov/2021:09:06:13 +0000] \"POST /api HTTP/1.1\" 404 143 \"-\" \"PostmanRuntime/7.28.4\"\n","timestamp":"2021-11-03T09:06:13.771Z"}
{"level":"info","message":"::1 - - [03/Nov/2021:09:06:37 +0000] \"POST /api/signin HTTP/1.1\" 200 720 \"-\" \"PostmanRuntime/7.28.4\"\n","timestamp":"2021-11-03T09:06:37.181Z"}
{"level":"info","message":"::1 - - [03/Nov/2021:09:13:21 +0000] \"POST /api/signup HTTP/1.1\" 200 674 \"-\" \"PostmanRuntime/7.28.4\"\n","timestamp":"2021-11-03T09:13:21.555Z"}
{"level":"info","message":"::1 - - [03/Nov/2021:09:13:25 +0000] \"POST /api/signin HTTP/1.1\" 200 720 \"-\" \"PostmanRuntime/7.28.4\"\n","timestamp":"2021-11-03T09:13:25.181Z"}
{"level":"info","message":"::1 - - [03/Nov/2021:09:13:57 +0000] \"GET /pedido HTTP/1.1\" 401 30 \"-\" \"PostmanRuntime/7.28.4\"\n","timestamp":"2021-11-03T09:13:57.032Z"}
{"level":"info","message":"::1 - - [03/Nov/2021:09:14:06 +0000] \"GET /pedido HTTP/1.1\" 200 2 \"-\" \"PostmanRuntime/7.28.4\"\n","timestamp":"2021-11-03T09:14:06.436Z"}
{"level":"info","message":"::1 - - [03/Nov/2021:09:14:13 +0000] \"POST /pedido HTTP/1.1\" 401 30 \"-\" \"PostmanRuntime/7.28.4\"\n","timestamp":"2021-11-03T09:14:13.924Z"}
{"level":"info","message":"::1 - - [03/Nov/2021:09:14:21 +0000] \"POST /pedido HTTP/1.1\" 200 222 \"-\" \"PostmanRuntime/7.28.4\"\n","timestamp":"2021-11-03T09:14:21.075Z"}
{"level":"info","message":"::1 - - [03/Nov/2021:09:14:24 +0000] \"GET /pedido HTTP/1.1\" 200 224 \"-\" \"PostmanRuntime/7.28.4\"\n","timestamp":"2021-11-03T09:14:24.408Z"}
{"level":"info","message":"::1 - - [03/Nov/2021:09:21:51 +0000] \"POST /api/signup HTTP/1.1\" 200 674 \"-\" \"PostmanRuntime/7.28.4\"\n","timestamp":"2021-11-03T09:21:51.315Z"}
{"level":"info","message":"::1 - - [03/Nov/2021:09:22:13 +0000] \"POST /api/signin HTTP/1.1\" 401 32 \"-\" \"PostmanRuntime/7.28.4\"\n","timestamp":"2021-11-03T09:22:13.739Z"}
{"level":"info","message":"::1 - - [03/Nov/2021:09:22:22 +0000] \"POST /api/signup HTTP/1.1\" 200 674 \"-\" \"PostmanRuntime/7.28.4\"\n","timestamp":"2021-11-03T09:22:22.922Z"}
{"level":"info","message":"::1 - - [03/Nov/2021:09:22:29 +0000] \"POST /api/signin HTTP/1.1\" 401 32 \"-\" \"PostmanRuntime/7.28.4\"\n","timestamp":"2021-11-03T09:22:29.254Z"}
{"level":"info","message":"::1 - - [03/Nov/2021:09:23:58 +0000] \"POST /api/signin HTTP/1.1\" 401 32 \"-\" \"PostmanRuntime/7.28.4\"\n","timestamp":"2021-11-03T09:23:58.825Z"}
{"level":"info","message":"::1 - - [03/Nov/2021:09:24:18 +0000] \"POST /api/signin HTTP/1.1\" 200 720 \"-\" \"PostmanRuntime/7.28.4\"\n","timestamp":"2021-11-03T09:24:18.814Z"}
{"level":"info","message":"::1 - - [03/Nov/2021:09:24:30 +0000] \"GET /usuario HTTP/1.1\" 200 6177 \"-\" \"PostmanRuntime/7.28.4\"\n","timestamp":"2021-11-03T09:24:30.803Z"}
{"level":"info","message":"::1 - - [03/Nov/2021:09:27:54 +0000] \"POST /api/signup HTTP/1.1\" 200 674 \"-\" \"PostmanRuntime/7.28.4\"\n","timestamp":"2021-11-03T09:27:54.051Z"}
{"level":"info","message":"::1 - - [03/Nov/2021:09:28:13 +0000] \"POST /api/signin HTTP/1.1\" 401 32 \"-\" \"PostmanRuntime/7.28.4\"\n","timestamp":"2021-11-03T09:28:13.604Z"}
{"level":"info","message":"::1 - - [03/Nov/2021:09:29:04 +0000] \"POST /api/signin HTTP/1.1\" 401 32 \"-\" \"PostmanRuntime/7.28.4\"\n","timestamp":"2021-11-03T09:29:04.643Z"}
{"level":"info","message":"::1 - - [03/Nov/2021:09:29:34 +0000] \"POST /api/signin HTTP/1.1\" 401 32 \"-\" \"PostmanRuntime/7.28.4\"\n","timestamp":"2021-11-03T09:29:34.097Z"}
{"level":"info","message":"::1 - - [03/Nov/2021:09:31:02 +0000] \"POST /api/signin HTTP/1.1\" 200 720 \"-\" \"PostmanRuntime/7.28.4\"\n","timestamp":"2021-11-03T09:31:02.306Z"}
{"level":"info","message":"::1 - - [03/Nov/2021:09:59:38 +0000] \"GET /usuario HTTP/1.1\" 200 6399 \"-\" \"PostmanRuntime/7.28.4\"\n","timestamp":"2021-11-03T09:59:38.777Z"}
{"level":"info","message":"::1 - - [03/Nov/2021:09:59:42 +0000] \"POST /api/signin HTTP/1.1\" 200 720 \"-\" \"PostmanRuntime/7.28.4\"\n","timestamp":"2021-11-03T09:59:42.977Z"}
{"level":"info","message":"::1 - - [03/Nov/2021:10:08:41 +0000] \"POST /api/signup HTTP/1.1\" 200 674 \"-\" \"PostmanRuntime/7.28.4\"\n","timestamp":"2021-11-03T10:08:41.649Z"}
{"level":"info","message":"::1 - - [03/Nov/2021:10:09:20 +0000] \"POST /api/signin HTTP/1.1\" 200 720 \"-\" \"PostmanRuntime/7.28.4\"\n","timestamp":"2021-11-03T10:09:20.934Z"}
{"level":"info","message":"::1 - - [03/Nov/2021:10:09:52 +0000] \"POST /api/signin HTTP/1.1\" 401 32 \"-\" \"PostmanRuntime/7.28.4\"\n","timestamp":"2021-11-03T10:09:52.383Z"}
{"level":"info","message":"::1 - - [03/Nov/2021:10:11:35 +0000] \"POST /api/signup HTTP/1.1\" 200 674 \"-\" \"PostmanRuntime/7.28.4\"\n","timestamp":"2021-11-03T10:11:35.295Z"}
{"level":"info","message":"::1 - - [03/Nov/2021:10:11:39 +0000] \"POST /api/signup HTTP/1.1\" 200 674 \"-\" \"PostmanRuntime/7.28.4\"\n","timestamp":"2021-11-03T10:11:39.289Z"}
{"level":"info","message":"::1 - - [03/Nov/2021:10:13:15 +0000] \"POST /api/signup HTTP/1.1\" 200 674 \"-\" \"PostmanRuntime/7.28.4\"\n","timestamp":"2021-11-03T10:13:15.091Z"}
{"level":"info","message":"::1 - - [03/Nov/2021:10:14:02 +0000] \"POST /api/signup HTTP/1.1\" 200 674 \"-\" \"PostmanRuntime/7.28.4\"\n","timestamp":"2021-11-03T10:14:02.171Z"}
{"level":"info","message":"::1 - - [03/Nov/2021:10:14:06 +0000] \"POST /api/signin HTTP/1.1\" 401 32 \"-\" \"PostmanRuntime/7.28.4\"\n","timestamp":"2021-11-03T10:14:06.081Z"}
{"level":"info","message":"::1 - - [03/Nov/2021:10:14:22 +0000] \"POST /api/signin HTTP/1.1\" 401 32 \"-\" \"PostmanRuntime/7.28.4\"\n","timestamp":"2021-11-03T10:14:22.952Z"}
{"level":"info","message":"::1 - - [03/Nov/2021:10:16:28 +0000] \"GET /pelicula HTTP/1.1\" 200 1757 \"-\" \"PostmanRuntime/7.28.4\"\n","timestamp":"2021-11-03T10:16:28.385Z"}
{"level":"info","message":"::1 - - [03/Nov/2021:10:16:47 +0000] \"POST /pelicula/ HTTP/1.1\" 200 201 \"-\" \"PostmanRuntime/7.28.4\"\n","timestamp":"2021-11-03T10:16:47.471Z"}
{"level":"info","message":"::1 - - [03/Nov/2021:10:16:52 +0000] \"GET /pelicula HTTP/1.1\" 200 1959 \"-\" \"PostmanRuntime/7.28.4\"\n","timestamp":"2021-11-03T10:16:52.294Z"}
{"level":"info","message":"::1 - - [03/Nov/2021:10:17:23 +0000] \"POST /pelicula/ HTTP/1.1\" 200 203 \"-\" \"PostmanRuntime/7.28.4\"\n","timestamp":"2021-11-03T10:17:23.125Z"}
{"level":"info","message":"::1 - - [03/Nov/2021:10:19:52 +0000] \"PUT /pelicula/6179786619e5f65fd9fa19ee HTTP/1.1\" 401 30 \"-\" \"PostmanRuntime/7.28.4\"\n","timestamp":"2021-11-03T10:19:52.945Z"}
{"level":"info","message":"::1 - - [03/Nov/2021:10:20:38 +0000] \"POST /api/signin HTTP/1.1\" 200 720 \"-\" \"PostmanRuntime/7.28.4\"\n","timestamp":"2021-11-03T10:20:38.969Z"}
{"level":"info","message":"::1 - - [03/Nov/2021:10:20:48 +0000] \"PUT /pelicula/6179786619e5f65fd9fa19ee HTTP/1.1\" 404 100 \"-\" \"PostmanRuntime/7.28.4\"\n","timestamp":"2021-11-03T10:20:48.375Z"}
{"level":"info","message":"::1 - - [03/Nov/2021:10:21:48 +0000] \"PUT /pelicula/618152f49bf7e592784a312a HTTP/1.1\" 200 48 \"-\" \"PostmanRuntime/7.28.4\"\n","timestamp":"2021-11-03T10:21:48.263Z"}
{"level":"info","message":"::1 - - [03/Nov/2021:10:22:15 +0000] \"GET /pelicula/618152f49bf7e592784a312a HTTP/1.1\" 200 224 \"-\" \"PostmanRuntime/7.28.4\"\n","timestamp":"2021-11-03T10:22:15.371Z"}
{"level":"info","message":"::1 - - [03/Nov/2021:10:22:38 +0000] \"DELETE /pelicula/618152f49bf7e592784a312a HTTP/1.1\" 200 48 \"-\" \"PostmanRuntime/7.28.4\"\n","timestamp":"2021-11-03T10:22:38.768Z"}
{"level":"info","message":"::1 - - [03/Nov/2021:10:22:44 +0000] \"GET /pelicula HTTP/1.1\" 200 1937 \"-\" \"PostmanRuntime/7.28.4\"\n","timestamp":"2021-11-03T10:22:44.606Z"}
{"level":"info","message":"::1 - - [03/Nov/2021:10:23:01 +0000] \"GET /pelicula/618152f49bf7e592784a312a HTTP/1.1\" 404 65 \"-\" \"PostmanRuntime/7.28.4\"\n","timestamp":"2021-11-03T10:23:01.097Z"}
{"level":"info","message":"::1 - - [03/Nov/2021:10:23:13 +0000] \"GET /pedido HTTP/1.1\" 200 224 \"-\" \"PostmanRuntime/7.28.4\"\n","timestamp":"2021-11-03T10:23:13.509Z"}
{"level":"info","message":"::1 - - [03/Nov/2021:10:23:41 +0000] \"POST /pedido HTTP/1.1\" 200 217 \"-\" \"PostmanRuntime/7.28.4\"\n","timestamp":"2021-11-03T10:23:41.127Z"}
{"level":"info","message":"::1 - - [03/Nov/2021:10:23:47 +0000] \"GET /pedido HTTP/1.1\" 200 442 \"-\" \"PostmanRuntime/7.28.4\"\n","timestamp":"2021-11-03T10:23:47.250Z"}
{"level":"info","message":"::1 - - [03/Nov/2021:10:24:23 +0000] \"PUT /pedido/6182632d73d31232a10163c2 HTTP/1.1\" 401 30 \"-\" \"PostmanRuntime/7.28.4\"\n","timestamp":"2021-11-03T10:24:23.504Z"}
{"level":"info","message":"::1 - - [03/Nov/2021:10:24:51 +0000] \"PUT /pedido/6182632d73d31232a10163c2 HTTP/1.1\" 200 46 \"-\" \"PostmanRuntime/7.28.4\"\n","timestamp":"2021-11-03T10:24:51.776Z"}
{"level":"info","message":"::1 - - [03/Nov/2021:10:25:02 +0000] \"GET /pedido HTTP/1.1\" 200 444 \"-\" \"PostmanRuntime/7.28.4\"\n","timestamp":"2021-11-03T10:25:02.739Z"}
{"level":"info","message":"::1 - - [03/Nov/2021:11:16:26 +0000] \"POST /api/signin HTTP/1.1\" 200 720 \"-\" \"PostmanRuntime/7.28.4\"\n","timestamp":"2021-11-03T11:16:26.687Z"}
{"level":"info","message":"::1 - - [03/Nov/2021:11:20:09 +0000] \"POST /api/signin HTTP/1.1\" 200 720 \"-\" \"PostmanRuntime/7.28.4\"\n","timestamp":"2021-11-03T11:20:09.078Z"}
{"level":"info","message":"::1 - - [03/Nov/2021:11:20:24 +0000] \"POST /api/signup HTTP/1.1\" 200 674 \"-\" \"PostmanRuntime/7.28.4\"\n","timestamp":"2021-11-03T11:20:24.172Z"}
{"level":"info","message":"::1 - - [03/Nov/2021:11:20:47 +0000] \"POST /api/signin HTTP/1.1\" 401 32 \"-\" \"PostmanRuntime/7.28.4\"\n","timestamp":"2021-11-03T11:20:47.254Z"}
{"level":"info","message":"::1 - - [03/Nov/2021:11:22:19 +0000] \"POST /api/signin HTTP/1.1\" 401 32 \"-\" \"PostmanRuntime/7.28.4\"\n","timestamp":"2021-11-03T11:22:19.200Z"}
{"level":"info","message":"::1 - - [03/Nov/2021:11:23:48 +0000] \"POST /api/signin HTTP/1.1\" 200 720 \"-\" \"PostmanRuntime/7.28.4\"\n","timestamp":"2021-11-03T11:23:48.414Z"}
{"level":"info","message":"::1 - - [03/Nov/2021:11:25:47 +0000] \"POST /api/signup HTTP/1.1\" 200 674 \"-\" \"PostmanRuntime/7.28.4\"\n","timestamp":"2021-11-03T11:25:47.956Z"}
{"level":"info","message":"::1 - - [03/Nov/2021:11:26:00 +0000] \"POST /api/signin HTTP/1.1\" 200 720 \"-\" \"PostmanRuntime/7.28.4\"\n","timestamp":"2021-11-03T11:26:00.700Z"}
{"level":"info","message":"::1 - - [03/Nov/2021:11:26:25 +0000] \"POST /api/signin HTTP/1.1\" 401 32 \"-\" \"PostmanRuntime/7.28.4\"\n","timestamp":"2021-11-03T11:26:25.951Z"}
{"level":"info","message":"::1 - - [03/Nov/2021:11:30:06 +0000] \"POST /api/signin HTTP/1.1\" 401 32 \"-\" \"PostmanRuntime/7.28.4\"\n","timestamp":"2021-11-03T11:30:06.130Z"}
{"level":"info","message":"::1 - - [03/Nov/2021:11:30:14 +0000] \"POST /api/signup HTTP/1.1\" 200 677 \"-\" \"PostmanRuntime/7.28.4\"\n","timestamp":"2021-11-03T11:30:14.494Z"}
{"level":"info","message":"::1 - - [03/Nov/2021:11:30:23 +0000] \"POST /api/signin HTTP/1.1\" 401 32 \"-\" \"PostmanRuntime/7.28.4\"\n","timestamp":"2021-11-03T11:30:23.778Z"}
{"level":"info","message":"::1 - - [03/Nov/2021:11:31:41 +0000] \"POST /api/signup HTTP/1.1\" 200 677 \"-\" \"PostmanRuntime/7.28.4\"\n","timestamp":"2021-11-03T11:31:41.347Z"}
{"level":"info","message":"::1 - - [03/Nov/2021:11:32:02 +0000] \"POST /api/signin HTTP/1.1\" 401 32 \"-\" \"PostmanRuntime/7.28.4\"\n","timestamp":"2021-11-03T11:32:02.969Z"}
{"level":"info","message":"::1 - - [03/Nov/2021:11:32:15 +0000] \"POST /api/signin HTTP/1.1\" 401 32 \"-\" \"PostmanRuntime/7.28.4\"\n","timestamp":"2021-11-03T11:32:15.415Z"}
{"level":"info","message":"::1 - - [03/Nov/2021:11:32:22 +0000] \"POST /api/signin HTTP/1.1\" 200 720 \"-\" \"PostmanRuntime/7.28.4\"\n","timestamp":"2021-11-03T11:32:22.151Z"}
{"level":"info","message":"::1 - - [03/Nov/2021:11:37:25 +0000] \"POST /api/signin HTTP/1.1\" 200 720 \"-\" \"PostmanRuntime/7.28.4\"\n","timestamp":"2021-11-03T11:37:25.465Z"}
{"level":"info","message":"::1 - - [03/Nov/2021:11:38:12 +0000] \"POST /api/signin HTTP/1.1\" 200 720 \"-\" \"PostmanRuntime/7.28.4\"\n","timestamp":"2021-11-03T11:38:12.636Z"}
{"level":"info","message":"::1 - - [03/Nov/2021:11:41:03 +0000] \"POST /api/signin HTTP/1.1\" 500 1509 \"-\" \"PostmanRuntime/7.28.4\"\n","timestamp":"2021-11-03T11:41:03.210Z"}
{"level":"info","message":"::1 - - [03/Nov/2021:11:41:10 +0000] \"POST /api/signup HTTP/1.1\" 500 1537 \"-\" \"PostmanRuntime/7.28.4\"\n","timestamp":"2021-11-03T11:41:10.996Z"}
{"level":"info","message":"::1 - - [03/Nov/2021:11:43:24 +0000] \"POST /api/signup HTTP/1.1\" 500 1537 \"-\" \"PostmanRuntime/7.28.4\"\n","timestamp":"2021-11-03T11:43:24.347Z"}
{"level":"info","message":"::1 - - [03/Nov/2021:11:43:51 +0000] \"POST /api/signup HTTP/1.1\" 500 1537 \"-\" \"PostmanRuntime/7.28.4\"\n","timestamp":"2021-11-03T11:43:51.761Z"}
{"level":"info","message":"::1 - - [03/Nov/2021:11:44:59 +0000] \"POST /api/signup HTTP/1.1\" 500 1533 \"-\" \"PostmanRuntime/7.28.4\"\n","timestamp":"2021-11-03T11:44:59.288Z"}
{"level":"info","message":"::1 - - [03/Nov/2021:11:46:50 +0000] \"POST /api/signup HTTP/1.1\" 500 1536 \"-\" \"PostmanRuntime/7.28.4\"\n","timestamp":"2021-11-03T11:46:50.183Z"}
{"level":"info","message":"::1 - - [03/Nov/2021:11:49:00 +0000] \"POST /api/signup HTTP/1.1\" 500 1536 \"-\" \"PostmanRuntime/7.28.4\"\n","timestamp":"2021-11-03T11:49:00.929Z"}
{"level":"info","message":"::1 - - [03/Nov/2021:11:49:07 +0000] \"POST /api/signin HTTP/1.1\" 200 727 \"-\" \"PostmanRuntime/7.28.4\"\n","timestamp":"2021-11-03T11:49:07.814Z"}
{"level":"info","message":"::1 - - [03/Nov/2021:11:54:15 +0000] \"POST /api/signin HTTP/1.1\" 401 32 \"-\" \"PostmanRuntime/7.28.4\"\n","timestamp":"2021-11-03T11:54:15.441Z"}
{"level":"info","message":"::1 - - [03/Nov/2021:11:54:30 +0000] \"POST /api/signin HTTP/1.1\" 401 32 \"-\" \"PostmanRuntime/7.28.4\"\n","timestamp":"2021-11-03T11:54:30.693Z"}
{"level":"info","message":"::1 - - [03/Nov/2021:11:54:38 +0000] \"POST /api/signup HTTP/1.1\" 500 1536 \"-\" \"PostmanRuntime/7.28.4\"\n","timestamp":"2021-11-03T11:54:38.062Z"}
{"level":"info","message":"::1 - - [03/Nov/2021:12:00:30 +0000] \"POST /api/signup HTTP/1.1\" 500 1536 \"-\" \"PostmanRuntime/7.28.4\"\n","timestamp":"2021-11-03T12:00:30.952Z"}
{"level":"info","message":"::1 - - [03/Nov/2021:12:01:23 +0000] \"POST /api/signup HTTP/1.1\" 500 1536 \"-\" \"PostmanRuntime/7.28.4\"\n","timestamp":"2021-11-03T12:01:23.467Z"}
{"level":"info","message":"::1 - - [03/Nov/2021:12:01:41 +0000] \"POST /api/signup HTTP/1.1\" 500 1536 \"-\" \"PostmanRuntime/7.28.4\"\n","timestamp":"2021-11-03T12:01:41.107Z"}
{"level":"info","message":"::1 - - [03/Nov/2021:12:04:07 +0000] \"POST /api/signup HTTP/1.1\" 500 1512 \"-\" \"PostmanRuntime/7.28.4\"\n","timestamp":"2021-11-03T12:04:07.291Z"}
{"level":"info","message":"::1 - - [03/Nov/2021:12:06:38 +0000] \"POST /api/signup HTTP/1.1\" 500 1512 \"-\" \"PostmanRuntime/7.28.4\"\n","timestamp":"2021-11-03T12:06:38.540Z"}
{"level":"info","message":"::1 - - [03/Nov/2021:12:06:39 +0000] \"POST /api/signup HTTP/1.1\" 500 1512 \"-\" \"PostmanRuntime/7.28.4\"\n","timestamp":"2021-11-03T12:06:39.627Z"}
{"level":"info","message":"::1 - - [03/Nov/2021:12:06:40 +0000] \"POST /api/signup HTTP/1.1\" 500 1512 \"-\" \"PostmanRuntime/7.28.4\"\n","timestamp":"2021-11-03T12:06:40.028Z"}
{"level":"info","message":"::1 - - [03/Nov/2021:12:08:11 +0000] \"POST /api/signup HTTP/1.1\" 500 1512 \"-\" \"PostmanRuntime/7.28.4\"\n","timestamp":"2021-11-03T12:08:11.021Z"}
{"level":"info","message":"::1 - - [03/Nov/2021:12:10:35 +0000] \"POST /api/signin HTTP/1.1\" 401 32 \"-\" \"PostmanRuntime/7.28.4\"\n","timestamp":"2021-11-03T12:10:35.818Z"}
{"level":"info","message":"::1 - - [03/Nov/2021:12:10:46 +0000] \"POST /api/signin HTTP/1.1\" 401 32 \"-\" \"PostmanRuntime/7.28.4\"\n","timestamp":"2021-11-03T12:10:46.326Z"}
{"level":"info","message":"::1 - - [03/Nov/2021:12:10:53 +0000] \"POST /api/signin HTTP/1.1\" 200 727 \"-\" \"PostmanRuntime/7.28.4\"\n","timestamp":"2021-11-03T12:10:53.039Z"}
{"level":"info","message":"::1 - - [03/Nov/2021:12:11:00 +0000] \"POST /api/signup HTTP/1.1\" 500 1512 \"-\" \"PostmanRuntime/7.28.4\"\n","timestamp":"2021-11-03T12:11:00.424Z"}
{"level":"info","message":"::1 - - [03/Nov/2021:12:13:15 +0000] \"POST /api/signup HTTP/1.1\" 500 1512 \"-\" \"PostmanRuntime/7.28.4\"\n","timestamp":"2021-11-03T12:13:15.358Z"}
{"level":"info","message":"::1 - - [03/Nov/2021:12:14:26 +0000] \"POST /api/signup HTTP/1.1\" 500 1512 \"-\" \"PostmanRuntime/7.28.4\"\n","timestamp":"2021-11-03T12:14:26.277Z"}
{"level":"info","message":"::1 - - [03/Nov/2021:12:16:16 +0000] \"POST /api/signup HTTP/1.1\" 500 1512 \"-\" \"PostmanRuntime/7.28.4\"\n","timestamp":"2021-11-03T12:16:16.342Z"}
{"level":"info","message":"::1 - - [03/Nov/2021:12:17:17 +0000] \"POST /api/signup HTTP/1.1\" 500 1512 \"-\" \"PostmanRuntime/7.28.4\"\n","timestamp":"2021-11-03T12:17:17.008Z"}
{"level":"info","message":"::1 - - [03/Nov/2021:12:19:00 +0000] \"POST /api/signup HTTP/1.1\" 500 1509 \"-\" \"PostmanRuntime/7.28.4\"\n","timestamp":"2021-11-03T12:19:00.988Z"}
{"level":"info","message":"::1 - - [03/Nov/2021:12:19:23 +0000] \"POST /api/signup HTTP/1.1\" 200 677 \"-\" \"PostmanRuntime/7.28.4\"\n","timestamp":"2021-11-03T12:19:23.705Z"}
{"level":"info","message":"::1 - - [03/Nov/2021:12:19:54 +0000] \"POST /api/signin HTTP/1.1\" 401 32 \"-\" \"PostmanRuntime/7.28.4\"\n","timestamp":"2021-11-03T12:19:54.090Z"}
{"level":"info","message":"::1 - - [03/Nov/2021:12:20:06 +0000] \"POST /api/signup HTTP/1.1\" 200 677 \"-\" \"PostmanRuntime/7.28.4\"\n","timestamp":"2021-11-03T12:20:06.223Z"}
{"level":"info","message":"::1 - - [03/Nov/2021:12:20:42 +0000] \"POST /api/signup HTTP/1.1\" 200 681 \"-\" \"PostmanRuntime/7.28.4\"\n","timestamp":"2021-11-03T12:20:42.217Z"}
{"level":"info","message":"::1 - - [03/Nov/2021:12:21:30 +0000] \"POST /api/signin HTTP/1.1\" 200 711 \"-\" \"PostmanRuntime/7.28.4\"\n","timestamp":"2021-11-03T12:21:30.307Z"}
{"level":"info","message":"::1 - - [03/Nov/2021:12:22:21 +0000] \"POST /api/signin HTTP/1.1\" 200 711 \"-\" \"PostmanRuntime/7.28.4\"\n","timestamp":"2021-11-03T12:22:21.390Z"}
{"level":"info","message":"::1 - - [03/Nov/2021:12:22:24 +0000] \"POST /api/signup HTTP/1.1\" 200 681 \"-\" \"PostmanRuntime/7.28.4\"\n","timestamp":"2021-11-03T12:22:24.249Z"}
{"level":"info","message":"::1 - - [03/Nov/2021:12:25:05 +0000] \"POST /api/signup HTTP/1.1\" 200 681 \"-\" \"PostmanRuntime/7.28.4\"\n","timestamp":"2021-11-03T12:25:05.886Z"}
{"level":"info","message":"::1 - - [03/Nov/2021:12:25:09 +0000] \"POST /api/signin HTTP/1.1\" 200 711 \"-\" \"PostmanRuntime/7.28.4\"\n","timestamp":"2021-11-03T12:25:09.201Z"}
{"level":"info","message":"::1 - - [03/Nov/2021:12:25:10 +0000] \"POST /api/signin HTTP/1.1\" 200 711 \"-\" \"PostmanRuntime/7.28.4\"\n","timestamp":"2021-11-03T12:25:10.907Z"}
{"level":"info","message":"::1 - - [03/Nov/2021:12:38:09 +0000] \"POST /api/signup HTTP/1.1\" 200 681 \"-\" \"PostmanRuntime/7.28.4\"\n","timestamp":"2021-11-03T12:38:09.505Z"}
{"level":"info","message":"::1 - - [03/Nov/2021:12:38:26 +0000] \"POST /api/signin HTTP/1.1\" 200 715 \"-\" \"PostmanRuntime/7.28.4\"\n","timestamp":"2021-11-03T12:38:26.576Z"}
{"level":"info","message":"::1 - - [03/Nov/2021:12:47:52 +0000] \"POST /api/signup HTTP/1.1\" 200 681 \"-\" \"PostmanRuntime/7.28.4\"\n","timestamp":"2021-11-03T12:47:52.054Z"}
{"level":"info","message":"::1 - - [03/Nov/2021:15:05:12 +0000] \"POST /api/signup HTTP/1.1\" 200 681 \"-\" \"PostmanRuntime/7.28.4\"\n","timestamp":"2021-11-03T15:05:12.421Z"}
{"level":"info","message":"::1 - - [03/Nov/2021:15:05:18 +0000] \"POST /api/signin HTTP/1.1\" 200 715 \"-\" \"PostmanRuntime/7.28.4\"\n","timestamp":"2021-11-03T15:05:18.285Z"}
{"level":"info","message":"::1 - - [03/Nov/2021:15:06:34 +0000] \"POST /api/signup HTTP/1.1\" 200 684 \"-\" \"PostmanRuntime/7.28.4\"\n","timestamp":"2021-11-03T15:06:34.118Z"}
{"level":"info","message":"::1 - - [03/Nov/2021:15:09:20 +0000] \"POST /api/signup HTTP/1.1\" 200 684 \"-\" \"PostmanRuntime/7.28.4\"\n","timestamp":"2021-11-03T15:09:20.173Z"}
{"level":"info","message":"::1 - - [03/Nov/2021:15:36:47 +0000] \"GET / HTTP/1.1\" 200 24 \"-\" \"PostmanRuntime/7.28.4\"\n","timestamp":"2021-11-03T15:36:47.991Z"}
{"level":"info","message":"::1 - - [03/Nov/2021:15:36:51 +0000] \"GET /movies HTTP/1.1\" 404 145 \"-\" \"PostmanRuntime/7.28.4\"\n","timestamp":"2021-11-03T15:36:51.797Z"}
{"level":"info","message":"::1 - - [03/Nov/2021:15:37:13 +0000] \"GET /pelicula HTTP/1.1\" 401 30 \"-\" \"PostmanRuntime/7.28.4\"\n","timestamp":"2021-11-03T15:37:13.577Z"}
{"level":"info","message":"::1 - - [03/Nov/2021:15:38:04 +0000] \"DELETE /trabajadores/api/signin HTTP/1.1\" 404 165 \"-\" \"PostmanRuntime/7.28.4\"\n","timestamp":"2021-11-03T15:38:04.812Z"}
{"level":"info","message":"::1 - - [03/Nov/2021:15:38:13 +0000] \"DELETE /trabajadores/signin HTTP/1.1\" 404 161 \"-\" \"PostmanRuntime/7.28.4\"\n","timestamp":"2021-11-03T15:38:13.782Z"}
{"level":"info","message":"::1 - - [03/Nov/2021:15:38:23 +0000] \"POST /trabajadores/signin HTTP/1.1\" 404 159 \"-\" \"PostmanRuntime/7.28.4\"\n","timestamp":"2021-11-03T15:38:23.062Z"}
{"level":"info","message":"::1 - - [03/Nov/2021:15:38:29 +0000] \"POST /trabajadores/api/signin HTTP/1.1\" 404 163 \"-\" \"PostmanRuntime/7.28.4\"\n","timestamp":"2021-11-03T15:38:29.333Z"}
{"level":"info","message":"::1 - - [03/Nov/2021:15:38:52 +0000] \"POST /trabajadores/api/signup HTTP/1.1\" 404 163 \"-\" \"PostmanRuntime/7.28.4\"\n","timestamp":"2021-11-03T15:38:52.827Z"}
{"level":"info","message":"::1 - - [03/Nov/2021:15:39:48 +0000] \"POST /trabajadores/api/signup HTTP/1.1\" 404 163 \"-\" \"PostmanRuntime/7.28.4\"\n","timestamp":"2021-11-03T15:39:48.018Z"}
{"level":"info","message":"::1 - - [03/Nov/2021:15:41:10 +0000] \"POST /trabajadores/api/signup HTTP/1.1\" 404 163 \"-\" \"PostmanRuntime/7.28.4\"\n","timestamp":"2021-11-03T15:41:10.323Z"}
{"level":"info","message":"::1 - - [03/Nov/2021:15:41:50 +0000] \"POST /trabajadores/api/signup HTTP/1.1\" 404 163 \"-\" \"PostmanRuntime/7.28.4\"\n","timestamp":"2021-11-03T15:41:50.155Z"}
{"level":"info","message":"::1 - - [03/Nov/2021:15:42:21 +0000] \"POST /trabajadores/api/signup HTTP/1.1\" 404 163 \"-\" \"PostmanRuntime/7.28.4\"\n","timestamp":"2021-11-03T15:42:21.266Z"}
{"level":"info","message":"::1 - - [03/Nov/2021:15:44:18 +0000] \"POST /trabajadores/api/signup HTTP/1.1\" 404 163 \"-\" \"PostmanRuntime/7.28.4\"\n","timestamp":"2021-11-03T15:44:18.996Z"}
{"level":"info","message":"::1 - - [05/Nov/2021:14:34:59 +0000] \"GET / HTTP/1.1\" 200 24 \"-\" \"Mozilla/5.0 (Windows NT 10.0; Win64; x64) AppleWebKit/537.36 (KHTML, like Gecko) Chrome/95.0.4638.69 Safari/537.36\"\n","timestamp":"2021-11-05T14:34:59.720Z"}
{"level":"info","message":"::1 - - [05/Nov/2021:17:24:37 +0000] \"GET /register HTTP/1.1\" 404 147 \"-\" \"Mozilla/5.0 (Windows NT 10.0; Win64; x64) AppleWebKit/537.36 (KHTML, like Gecko) Chrome/95.0.4638.69 Safari/537.36\"\n","timestamp":"2021-11-05T17:24:37.408Z"}
{"level":"info","message":"::1 - - [05/Nov/2021:17:24:40 +0000] \"GET / HTTP/1.1\" 200 24 \"-\" \"Mozilla/5.0 (Windows NT 10.0; Win64; x64) AppleWebKit/537.36 (KHTML, like Gecko) Chrome/95.0.4638.69 Safari/537.36\"\n","timestamp":"2021-11-05T17:24:40.110Z"}
{"level":"info","message":"::1 - - [05/Nov/2021:17:24:40 +0000] \"GET /favicon.ico HTTP/1.1\" 404 150 \"http://localhost:3000/\" \"Mozilla/5.0 (Windows NT 10.0; Win64; x64) AppleWebKit/537.36 (KHTML, like Gecko) Chrome/95.0.4638.69 Safari/537.36\"\n","timestamp":"2021-11-05T17:24:40.412Z"}
{"level":"info","message":"::1 - - [05/Nov/2021:17:25:08 +0000] \"GET /api/signup HTTP/1.1\" 500 54 \"-\" \"Mozilla/5.0 (Windows NT 10.0; Win64; x64) AppleWebKit/537.36 (KHTML, like Gecko) Chrome/95.0.4638.69 Safari/537.36\"\n","timestamp":"2021-11-05T17:25:08.878Z"}
